<?xml version="1.0" encoding="UTF-8"?>
<!-- Generated by org.testng.reporters.JUnitXMLReporter -->
<testsuite hostname="hyd-vsharma1" name="Command line test" tests="2" failures="0" timestamp="18 Nov 2016 07:43:36 GMT" time="556.656" errors="0">
  <testcase name="employeeEducationProgram" time="476.536" classname="com.epam.scenarios.EmployeeEducationScenario"/>
  <testcase name="employeeEducationMandatoryFields" time="68.501" classname="com.epam.scenarios.NegativeScenario"/>
</testsuite> <!-- Command line test -->
