<?xml version="1.0" encoding="UTF-8"?>
<testsuite name="WebTests"
           tests="3"
           failures="1"
           errors="0"
           skipped="1"
           time="520.410">
  <properties />
            <testcase name="closeMethodsOpenedBrowserIfAny" time="0.000" classname="com.epam.driver.Runner">
                <failure type="org.openqa.selenium.remote.SessionNotFoundException"
                  message="Session ID is null. Using WebDriver after calling quit()?
Build info: version: &apos;2.46.0&apos;, revision: &apos;87c69e2&apos;, time: &apos;2015-06-04 16:16:47&apos;
System info: host: &apos;hyd-vsharma1&apos;, ip: &apos;192.168.0.50&apos;, os.name: &apos;Windows 7&apos;, os.arch: &apos;amd64&apos;, os.version: &apos;6.1&apos;, java.version: &apos;1.8.0_60&apos;
Driver info: driver.version: EventFiringWebDriver"
              >
<![CDATA[org.openqa.selenium.remote.SessionNotFoundException: Session ID is null. Using WebDriver after calling quit()?
Build info: version: '2.46.0', revision: '87c69e2', time: '2015-06-04 16:16:47'
System info: host: 'hyd-vsharma1', ip: '192.168.0.50', os.name: 'Windows 7', os.arch: 'amd64', os.version: '6.1', java.version: '1.8.0_60'
Driver info: driver.version: EventFiringWebDriver
  org.openqa.selenium.remote.HttpCommandExecutor.execute(HttpCommandExecutor.java:126)
  org.openqa.selenium.remote.service.DriverCommandExecutor.execute(DriverCommandExecutor.java:67)
  org.openqa.selenium.remote.RemoteWebDriver.execute(RemoteWebDriver.java:578)
  org.openqa.selenium.remote.RemoteWebDriver.execute(RemoteWebDriver.java:628)
  org.openqa.selenium.remote.RemoteWebDriver.close(RemoteWebDriver.java:469)
  sun.reflect.NativeMethodAccessorImpl.invoke0(Native Method)
  sun.reflect.NativeMethodAccessorImpl.invoke(NativeMethodAccessorImpl.java:62)
  sun.reflect.DelegatingMethodAccessorImpl.invoke(DelegatingMethodAccessorImpl.java:43)
  java.lang.reflect.Method.invoke(Method.java:497)
  org.openqa.selenium.support.events.EventFiringWebDriver$2.invoke(EventFiringWebDriver.java:102)
  com.sun.proxy.$Proxy36.close(Unknown Source)
  org.openqa.selenium.support.events.EventFiringWebDriver.close(EventFiringWebDriver.java:195)
  com.epam.driver.BaseTest.closeMethodsOpenedBrowserIfAny(BaseTest.java:40)
  sun.reflect.NativeMethodAccessorImpl.invoke0(Native Method)
  sun.reflect.NativeMethodAccessorImpl.invoke(NativeMethodAccessorImpl.java:62)
  sun.reflect.DelegatingMethodAccessorImpl.invoke(DelegatingMethodAccessorImpl.java:43)
  java.lang.reflect.Method.invoke(Method.java:497)
  org.testng.internal.MethodInvocationHelper.invokeMethod(MethodInvocationHelper.java:84)
  org.testng.internal.Invoker.invokeConfigurationMethod(Invoker.java:564)
  org.testng.internal.Invoker.invokeConfigurations(Invoker.java:213)
  org.testng.internal.Invoker.invokeMethod(Invoker.java:786)
  org.testng.internal.Invoker.invokeTestMethod(Invoker.java:901)
  org.testng.internal.Invoker.invokeTestMethods(Invoker.java:1231)
  org.testng.internal.TestMethodWorker.invokeTestMethods(TestMethodWorker.java:127)
  org.testng.internal.TestMethodWorker.run(TestMethodWorker.java:111)
  org.testng.TestRunner.privateRun(TestRunner.java:767)
  org.testng.TestRunner.run(TestRunner.java:617)
  org.testng.SuiteRunner.runTest(SuiteRunner.java:334)
  org.testng.SuiteRunner.runSequentially(SuiteRunner.java:329)
  org.testng.SuiteRunner.privateRun(SuiteRunner.java:291)
  org.testng.SuiteRunner.run(SuiteRunner.java:240)
  org.testng.SuiteRunnerWorker.runSuite(SuiteRunnerWorker.java:52)
  org.testng.SuiteRunnerWorker.run(SuiteRunnerWorker.java:86)
  org.testng.TestNG.runSuitesSequentially(TestNG.java:1224)
  org.testng.TestNG.runSuitesLocally(TestNG.java:1149)
  org.testng.TestNG.run(TestNG.java:1057)
  org.testng.IDEARemoteTestNG.run(IDEARemoteTestNG.java:72)
  org.testng.RemoteTestNGStarter.main(RemoteTestNGStarter.java:124)
  sun.reflect.NativeMethodAccessorImpl.invoke0(Native Method)
  sun.reflect.NativeMethodAccessorImpl.invoke(NativeMethodAccessorImpl.java:62)
  sun.reflect.DelegatingMethodAccessorImpl.invoke(DelegatingMethodAccessorImpl.java:43)
  java.lang.reflect.Method.invoke(Method.java:497)
  com.intellij.rt.execution.application.AppMain.main(AppMain.java:147)
]]>
      </failure>

          </testcase>
  
            <testcase name="getMethodName" time="0.0" classname="com.epam.driver.Runner">
          <skipped />
    </testcase>
  
            <testcase name="testRunner" time="520.410" classname="com.epam.driver.Runner" />
      
</testsuite>
