<?xml version="1.0" encoding="UTF-8"?>
<testng-results skipped="0" failed="0" total="2" passed="2">
  <reporter-output>
    <line>
      <![CDATA[================================ TEST STARTS NOW  =========================================]]>
    </line>
    <line>
      <![CDATA[================================ TEST STARTS NOW  =========================================]]>
    </line>
    <line>
      <![CDATA[Starting EmployeeEducation Scenario]]>
    </line>
    <line>
      <![CDATA[================================  TEST METHOD STARTS  =========================================]]>
    </line>
    <line>
      <![CDATA[Waiting for element[[ChromeDriver: chrome on XP (4921b41a0a850d3cd81b257318b28770)] -> xpath: .//*[@id='username']]]]>
    </line>
    <line>
      <![CDATA[Waiting for element[[ChromeDriver: chrome on XP (4921b41a0a850d3cd81b257318b28770)] -> xpath: .//*[@id='username']]]]>
    </line>
    <line>
      <![CDATA[Element element: .//*[@id='username'] loaded successfully]]>
    </line>
    <line>
      <![CDATA[TextField element: .//*[@id='username'] set text successfully]]>
    </line>
    <line>
      <![CDATA[Waiting for element[[ChromeDriver: chrome on XP (4921b41a0a850d3cd81b257318b28770)] -> xpath: .//*[@id='password']]]]>
    </line>
    <line>
      <![CDATA[Waiting for element[[ChromeDriver: chrome on XP (4921b41a0a850d3cd81b257318b28770)] -> xpath: .//*[@id='password']]]]>
    </line>
    <line>
      <![CDATA[Element element: .//*[@id='password'] loaded successfully]]>
    </line>
    <line>
      <![CDATA[TextField element: .//*[@id='password'] set text successfully]]>
    </line>
    <line>
      <![CDATA[Waiting for element[[ChromeDriver: chrome on XP (4921b41a0a850d3cd81b257318b28770)] -> xpath: .//*[@id='Login']]]]>
    </line>
    <line>
      <![CDATA[Waiting for element[[ChromeDriver: chrome on XP (4921b41a0a850d3cd81b257318b28770)] -> xpath: .//*[@id='Login']]]]>
    </line>
    <line>
      <![CDATA[Element element: .//*[@id='Login'] loaded successfully]]>
    </line>
    <line>
      <![CDATA[Button element: .//*[@id='Login'] clicked successfully]]>
    </line>
    <line>
      <![CDATA[Logged into Sales Force successfully]]>
    </line>
    <line>
      <![CDATA[Waiting for element[[ChromeDriver: chrome on XP (4921b41a0a850d3cd81b257318b28770)] -> xpath: .//a[contains(text(),'Interactions')]]]]>
    </line>
    <line>
      <![CDATA[Waiting for element[[ChromeDriver: chrome on XP (4921b41a0a850d3cd81b257318b28770)] -> xpath: .//a[contains(text(),'Interactions')]]]]>
    </line>
    <line>
      <![CDATA[Element element: .//a[contains(text(),'Interactions')] loaded successfully]]>
    </line>
    <line>
      <![CDATA[HyperLink element: .//a[contains(text(),'Interactions')] clicked successfully]]>
    </line>
    <line>
      <![CDATA[Waiting for element[[ChromeDriver: chrome on XP (4921b41a0a850d3cd81b257318b28770)] -> css selector: input.btn[name='new']]]]>
    </line>
    <line>
      <![CDATA[Waiting for element[[ChromeDriver: chrome on XP (4921b41a0a850d3cd81b257318b28770)] -> css selector: input.btn[name='new']]]]>
    </line>
    <line>
      <![CDATA[Waiting for element[[ChromeDriver: chrome on XP (4921b41a0a850d3cd81b257318b28770)] -> xpath: //*[text()[contains(.,'Interaction Category')]]/parent::th/following-sibling::td[1]/descendant::select]]]>
    </line>
    <line>
      <![CDATA[Waiting for element[[ChromeDriver: chrome on XP (4921b41a0a850d3cd81b257318b28770)] -> xpath: //*[text()[contains(.,'Interaction Category')]]/parent::th/following-sibling::td[1]/descendant::select]]]>
    </line>
    <line>
      <![CDATA[Waiting for element[[ChromeDriver: chrome on XP (4921b41a0a850d3cd81b257318b28770)] -> xpath: //*[text()[contains(.,'Interaction Category')]]/parent::th/following-sibling::td[1]/descendant::select]]]>
    </line>
    <line>
      <![CDATA[Waiting for element[[ChromeDriver: chrome on XP (4921b41a0a850d3cd81b257318b28770)] -> xpath: //*[text()[contains(.,'Interaction Category')]]/parent::th/following-sibling::td[1]/descendant::select]]]>
    </line>
    <line>
      <![CDATA[Element element: //*[text()[contains(.,'Interaction Category')]]/parent::th/following-sibling::td[1]/descendant::select loaded successfully]]>
    </line>
    <line>
      <![CDATA[DropDown Element: //*[text()[contains(.,'Interaction Category')]]/parent::th/following-sibling::td[1]/descendant::select selected successfully]]>
    </line>
    <line>
      <![CDATA[Waiting for element[[ChromeDriver: chrome on XP (4921b41a0a850d3cd81b257318b28770)] -> xpath: //*[text()[contains(.,'Interaction Type')]]/parent::th/following-sibling::td[1]/descendant::select]]]>
    </line>
    <line>
      <![CDATA[Waiting for element[[ChromeDriver: chrome on XP (4921b41a0a850d3cd81b257318b28770)] -> xpath: //*[text()[contains(.,'Interaction Type')]]/parent::th/following-sibling::td[1]/descendant::select]]]>
    </line>
    <line>
      <![CDATA[Element element: //*[text()[contains(.,'Interaction Type')]]/parent::th/following-sibling::td[1]/descendant::select loaded successfully]]>
    </line>
    <line>
      <![CDATA[DropDown Element: //*[text()[contains(.,'Interaction Type')]]/parent::th/following-sibling::td[1]/descendant::select selected successfully]]>
    </line>
    <line>
      <![CDATA[Waiting for element[[ChromeDriver: chrome on XP (4921b41a0a850d3cd81b257318b28770)] -> xpath: //*[text()[contains(.,'Interaction Type')]]/parent::th/following-sibling::td[1]/descendant::select]]]>
    </line>
    <line>
      <![CDATA[Waiting for element[[ChromeDriver: chrome on XP (4921b41a0a850d3cd81b257318b28770)] -> xpath: //*[text()[contains(.,'Interaction Type')]]/parent::th/following-sibling::td[1]/descendant::select]]]>
    </line>
    <line>
      <![CDATA[Element element: //*[text()[contains(.,'Interaction Type')]]/parent::th/following-sibling::td[1]/descendant::select loaded successfully]]>
    </line>
    <line>
      <![CDATA[DropDown Element: //*[text()[contains(.,'Interaction Type')]]/parent::th/following-sibling::td[1]/descendant::select selected successfully]]>
    </line>
    <line>
      <![CDATA[Waiting for element[[ChromeDriver: chrome on XP (4921b41a0a850d3cd81b257318b28770)] -> xpath: //*[text()[contains(.,'LocationType')]]/parent::th/following-sibling::td[1]/descendant::select]]]>
    </line>
    <line>
      <![CDATA[Waiting for element[[ChromeDriver: chrome on XP (4921b41a0a850d3cd81b257318b28770)] -> xpath: //*[text()[contains(.,'LocationType')]]/parent::th/following-sibling::td[1]/descendant::select]]]>
    </line>
    <line>
      <![CDATA[Element element: //*[text()[contains(.,'LocationType')]]/parent::th/following-sibling::td[1]/descendant::select loaded successfully]]>
    </line>
    <line>
      <![CDATA[Waiting for element[[ChromeDriver: chrome on XP (4921b41a0a850d3cd81b257318b28770)] -> xpath: //*[text()[contains(.,'LocationType')]]/parent::th/following-sibling::td[1]/descendant::select]]]>
    </line>
    <line>
      <![CDATA[Element element: //*[text()[contains(.,'LocationType')]]/parent::th/following-sibling::td[1]/descendant::select loaded successfully]]>
    </line>
    <line>
      <![CDATA[DropDown Element: //*[text()[contains(.,'LocationType')]]/parent::th/following-sibling::td[1]/descendant::select selected successfully]]>
    </line>
    <line>
      <![CDATA[DropDown Element: //*[text()[contains(.,'LocationType')]]/parent::th/following-sibling::td[1]/descendant::select selected successfully]]>
    </line>
    <line>
      <![CDATA[Waiting for element[[ChromeDriver: chrome on XP (4921b41a0a850d3cd81b257318b28770)] -> xpath: (//*[text()[contains(.,'Start Date')]]//parent::th/following-sibling::td//input)[1]]]]>
    </line>
    <line>
      <![CDATA[Waiting for element[[ChromeDriver: chrome on XP (4921b41a0a850d3cd81b257318b28770)] -> xpath: (//*[text()[contains(.,'Start Date')]]//parent::th/following-sibling::td//input)[1]]]]>
    </line>
    <line>
      <![CDATA[Element element: (//*[text()[contains(.,'Start Date')]]//parent::th/following-sibling::td//input)[1] loaded successfully]]>
    </line>
    <line>
      <![CDATA[TextField element: (//*[text()[contains(.,'Start Date')]]//parent::th/following-sibling::td//input)[1] set text successfully]]>
    </line>
    <line>
      <![CDATA[Waiting for element[[ChromeDriver: chrome on XP (4921b41a0a850d3cd81b257318b28770)] -> xpath: //*[text()[contains(.,'Start Time')]]//parent::th//following-sibling::td//select]]]>
    </line>
    <line>
      <![CDATA[Waiting for element[[ChromeDriver: chrome on XP (4921b41a0a850d3cd81b257318b28770)] -> xpath: //*[text()[contains(.,'Start Time')]]//parent::th//following-sibling::td//select]]]>
    </line>
    <line>
      <![CDATA[Element element: //*[text()[contains(.,'Start Time')]]//parent::th//following-sibling::td//select loaded successfully]]>
    </line>
    <line>
      <![CDATA[TextField element: //*[text()[contains(.,'Start Time')]]//parent::th//following-sibling::td//select set text successfully]]>
    </line>
    <line>
      <![CDATA[Waiting for element[[ChromeDriver: chrome on XP (4921b41a0a850d3cd81b257318b28770)] -> xpath: (//*[text()[contains(.,'End Date')]]//parent::th/following-sibling::td//input)[1]]]]>
    </line>
    <line>
      <![CDATA[Waiting for element[[ChromeDriver: chrome on XP (4921b41a0a850d3cd81b257318b28770)] -> xpath: (//*[text()[contains(.,'End Date')]]//parent::th/following-sibling::td//input)[1]]]]>
    </line>
    <line>
      <![CDATA[Element element: (//*[text()[contains(.,'End Date')]]//parent::th/following-sibling::td//input)[1] loaded successfully]]>
    </line>
    <line>
      <![CDATA[TextField element: (//*[text()[contains(.,'End Date')]]//parent::th/following-sibling::td//input)[1] set text successfully]]>
    </line>
    <line>
      <![CDATA[Waiting for element[[ChromeDriver: chrome on XP (4921b41a0a850d3cd81b257318b28770)] -> xpath: (.//input[@class='btn' and @value='Save'])[1]]]]>
    </line>
    <line>
      <![CDATA[Waiting for element[[ChromeDriver: chrome on XP (4921b41a0a850d3cd81b257318b28770)] -> xpath: (.//input[@class='btn' and @value='Save'])[1]]]]>
    </line>
    <line>
      <![CDATA[Element element: (.//input[@class='btn' and @value='Save'])[1] loaded successfully]]>
    </line>
    <line>
      <![CDATA[Button element: (.//input[@class='btn' and @value='Save'])[1] clicked successfully]]>
    </line>
    <line>
      <![CDATA[Created new interaction]]>
    </line>
    <line>
      <![CDATA[Waiting for elementProxy element for: org.openqa.selenium.support.pagefactory.DefaultElementLocator@56d93692]]>
    </line>
    <line>
      <![CDATA[Waiting for element[[ChromeDriver: chrome on XP (4921b41a0a850d3cd81b257318b28770)] -> xpath: (//*[text()[contains(.,'Interaction Product Topics')]]//parent::a)[1]]]]>
    </line>
    <line>
      <![CDATA[Element element: (//*[text()[contains(.,'Interaction Product Topics')]]//parent::a)[1] loaded successfully]]>
    </line>
    <line>
      <![CDATA[Waiting for element[[ChromeDriver: chrome on XP (4921b41a0a850d3cd81b257318b28770)] -> xpath: (//*[text()[contains(.,'Interaction Product Topics')]]//parent::a)[1]]]]>
    </line>
    <line>
      <![CDATA[Waiting for element[[ChromeDriver: chrome on XP (4921b41a0a850d3cd81b257318b28770)] -> xpath: (//*[text()[contains(.,'Interaction Product Topics')]]//parent::a)[1]]]]>
    </line>
    <line>
      <![CDATA[Element element: (//*[text()[contains(.,'Interaction Product Topics')]]//parent::a)[1] loaded successfully]]>
    </line>
    <line>
      <![CDATA[HyperLink element: (//*[text()[contains(.,'Interaction Product Topics')]]//parent::a)[1] clicked successfully]]>
    </line>
    <line>
      <![CDATA[Waiting for element[[ChromeDriver: chrome on XP (4921b41a0a850d3cd81b257318b28770)] -> xpath: //input[@name='ahm__newproducttopic']]]]>
    </line>
    <line>
      <![CDATA[Waiting for element[[ChromeDriver: chrome on XP (4921b41a0a850d3cd81b257318b28770)] -> xpath: //input[@name='ahm__newproducttopic']]]]>
    </line>
    <line>
      <![CDATA[Element element: //input[@name='ahm__newproducttopic'] loaded successfully]]>
    </line>
    <line>
      <![CDATA[Button element: //input[@name='ahm__newproducttopic'] clicked successfully]]>
    </line>
    <line>
      <![CDATA[Waiting for element[[ChromeDriver: chrome on XP (4921b41a0a850d3cd81b257318b28770)] -> xpath: //*[text()[contains(.,'AHM Product')]]/parent::th/following-sibling::td[1]/descendant::select]]]>
    </line>
    <line>
      <![CDATA[Waiting for element[[ChromeDriver: chrome on XP (4921b41a0a850d3cd81b257318b28770)] -> xpath: //*[text()[contains(.,'AHM Product')]]/parent::th/following-sibling::td[1]/descendant::select]]]>
    </line>
    <line>
      <![CDATA[Element element: //*[text()[contains(.,'AHM Product')]]/parent::th/following-sibling::td[1]/descendant::select loaded successfully]]>
    </line>
    <line>
      <![CDATA[DropDown Element: //*[text()[contains(.,'AHM Product')]]/parent::th/following-sibling::td[1]/descendant::select selected successfully]]>
    </line>
    <line>
      <![CDATA[Waiting for element[[ChromeDriver: chrome on XP (4921b41a0a850d3cd81b257318b28770)] -> xpath: //*[text()[contains(.,'AHM Product')]]/parent::th/following-sibling::td[1]/descendant::select]]]>
    </line>
    <line>
      <![CDATA[Waiting for element[[ChromeDriver: chrome on XP (4921b41a0a850d3cd81b257318b28770)] -> xpath: //*[text()[contains(.,'AHM Product')]]/parent::th/following-sibling::td[1]/descendant::select]]]>
    </line>
    <line>
      <![CDATA[Element element: //*[text()[contains(.,'AHM Product')]]/parent::th/following-sibling::td[1]/descendant::select loaded successfully]]>
    </line>
    <line>
      <![CDATA[DropDown Element: //*[text()[contains(.,'AHM Product')]]/parent::th/following-sibling::td[1]/descendant::select selected successfully]]>
    </line>
    <line>
      <![CDATA[Waiting for element[[ChromeDriver: chrome on XP (4921b41a0a850d3cd81b257318b28770)] -> xpath: (//input[@value='Save and Continue'])[1]]]]>
    </line>
    <line>
      <![CDATA[Waiting for element[[ChromeDriver: chrome on XP (4921b41a0a850d3cd81b257318b28770)] -> xpath: (//input[@value='Save and Continue'])[1]]]]>
    </line>
    <line>
      <![CDATA[Element element: (//input[@value='Save and Continue'])[1] loaded successfully]]>
    </line>
    <line>
      <![CDATA[Button element: (//input[@value='Save and Continue'])[1] clicked successfully]]>
    </line>
    <line>
      <![CDATA[Waiting for element[[ChromeDriver: chrome on XP (4921b41a0a850d3cd81b257318b28770)] -> xpath: (//input[@value='Save'])[1]]]]>
    </line>
    <line>
      <![CDATA[Waiting for element[[ChromeDriver: chrome on XP (4921b41a0a850d3cd81b257318b28770)] -> xpath: (//input[@value='Save'])[1]]]]>
    </line>
    <line>
      <![CDATA[Element element: (//input[@value='Save'])[1] loaded successfully]]>
    </line>
    <line>
      <![CDATA[Button element: (//input[@value='Save'])[1] clicked successfully]]>
    </line>
    <line>
      <![CDATA[Added product topic]]>
    </line>
    <line>
      <![CDATA[Waiting for element[[ChromeDriver: chrome on XP (4921b41a0a850d3cd81b257318b28770)] -> xpath: //a/span[text()='Locations']]]]>
    </line>
    <line>
      <![CDATA[Waiting for element[[ChromeDriver: chrome on XP (4921b41a0a850d3cd81b257318b28770)] -> xpath: //a/span[text()='Locations']]]]>
    </line>
    <line>
      <![CDATA[Element element: //a/span[text()='Locations'] loaded successfully]]>
    </line>
    <line>
      <![CDATA[Waiting for element[[ChromeDriver: chrome on XP (4921b41a0a850d3cd81b257318b28770)] -> xpath: //a/span[text()='Locations']]]]>
    </line>
    <line>
      <![CDATA[Waiting for element[[ChromeDriver: chrome on XP (4921b41a0a850d3cd81b257318b28770)] -> xpath: //a/span[text()='Locations']]]]>
    </line>
    <line>
      <![CDATA[Element element: //a/span[text()='Locations'] loaded successfully]]>
    </line>
    <line>
      <![CDATA[Button element: //a/span[text()='Locations'] clicked successfully]]>
    </line>
    <line>
      <![CDATA[Waiting for element[[ChromeDriver: chrome on XP (4921b41a0a850d3cd81b257318b28770)] -> xpath: //input[@title='New Location']]]]>
    </line>
    <line>
      <![CDATA[Waiting for element[[ChromeDriver: chrome on XP (4921b41a0a850d3cd81b257318b28770)] -> xpath: //input[@title='New Location']]]]>
    </line>
    <line>
      <![CDATA[Element element: //input[@title='New Location'] loaded successfully]]>
    </line>
    <line>
      <![CDATA[Button element: //input[@title='New Location'] clicked successfully]]>
    </line>
    <line>
      <![CDATA[Waiting for element[[ChromeDriver: chrome on XP (4921b41a0a850d3cd81b257318b28770)] -> xpath: //input[@value='Search' and @class='btn']]]]>
    </line>
    <line>
      <![CDATA[Waiting for element[[ChromeDriver: chrome on XP (4921b41a0a850d3cd81b257318b28770)] -> xpath: //input[@value='Search' and @class='btn']]]]>
    </line>
    <line>
      <![CDATA[Element element: //input[@value='Search' and @class='btn'] loaded successfully]]>
    </line>
    <line>
      <![CDATA[Waiting for element[[ChromeDriver: chrome on XP (4921b41a0a850d3cd81b257318b28770)] -> xpath: //input[@value='Search' and @class='btn']]]]>
    </line>
    <line>
      <![CDATA[Waiting for element[[ChromeDriver: chrome on XP (4921b41a0a850d3cd81b257318b28770)] -> xpath: //input[@value='Search' and @class='btn']]]]>
    </line>
    <line>
      <![CDATA[Waiting for elementProxy element for: org.openqa.selenium.support.pagefactory.DefaultElementLocator@2875b016]]>
    </line>
    <line>
      <![CDATA[Waiting for element[[ChromeDriver: chrome on XP (4921b41a0a850d3cd81b257318b28770)] -> xpath: //*[text()[contains(.,'Location Priority')]]/parent::th/following-sibling::td[1]/descendant::select]]]>
    </line>
    <line>
      <![CDATA[Waiting for element[[ChromeDriver: chrome on XP (4921b41a0a850d3cd81b257318b28770)] -> xpath: //*[text()[contains(.,'Location Priority')]]/parent::th/following-sibling::td[1]/descendant::select]]]>
    </line>
    <line>
      <![CDATA[Element element: //*[text()[contains(.,'Location Priority')]]/parent::th/following-sibling::td[1]/descendant::select loaded successfully]]>
    </line>
    <line>
      <![CDATA[DropDown Element: //*[text()[contains(.,'Location Priority')]]/parent::th/following-sibling::td[1]/descendant::select selected successfully]]>
    </line>
    <line>
      <![CDATA[Waiting for element[[ChromeDriver: chrome on XP (4921b41a0a850d3cd81b257318b28770)] -> xpath: //input[@value='Add Location & Continue' and @class='btn']]]]>
    </line>
    <line>
      <![CDATA[Waiting for element[[ChromeDriver: chrome on XP (4921b41a0a850d3cd81b257318b28770)] -> xpath: //input[@value='Add Location & Continue' and @class='btn']]]]>
    </line>
    <line>
      <![CDATA[Element element: //input[@value='Add Location & Continue' and @class='btn'] loaded successfully]]>
    </line>
    <line>
      <![CDATA[Button element: //input[@value='Add Location & Continue' and @class='btn'] clicked successfully]]>
    </line>
    <line>
      <![CDATA[Waiting for element[[ChromeDriver: chrome on XP (4921b41a0a850d3cd81b257318b28770)] -> xpath: //input[@value='Add Location & Continue' and @class='btn']]]]>
    </line>
    <line>
      <![CDATA[Waiting for element[[ChromeDriver: chrome on XP (4921b41a0a850d3cd81b257318b28770)] -> xpath: //input[@value='Add Location & Continue' and @class='btn']]]]>
    </line>
    <line>
      <![CDATA[Waiting for element[[ChromeDriver: chrome on XP (4921b41a0a850d3cd81b257318b28770)] -> xpath: //input[@value='Add Location & Continue' and @class='btn']]]]>
    </line>
    <line>
      <![CDATA[Waiting for element[[ChromeDriver: chrome on XP (4921b41a0a850d3cd81b257318b28770)] -> xpath: //input[@value='Add Location & Continue' and @class='btn']]]]>
    </line>
    <line>
      <![CDATA[Waiting for element[[ChromeDriver: chrome on XP (4921b41a0a850d3cd81b257318b28770)] -> xpath: //input[@value='Add Location & Continue' and @class='btn']]]]>
    </line>
    <line>
      <![CDATA[Waiting for element[[ChromeDriver: chrome on XP (4921b41a0a850d3cd81b257318b28770)] -> xpath: //input[@value='Add Location & Continue' and @class='btn']]]]>
    </line>
    <line>
      <![CDATA[Waiting for element[[ChromeDriver: chrome on XP (4921b41a0a850d3cd81b257318b28770)] -> xpath: //input[@value='Add Location & Continue' and @class='btn']]]]>
    </line>
    <line>
      <![CDATA[Waiting for element[[ChromeDriver: chrome on XP (4921b41a0a850d3cd81b257318b28770)] -> xpath: //input[@value='Add Location & Continue' and @class='btn']]]]>
    </line>
    <line>
      <![CDATA[Waiting for element[[ChromeDriver: chrome on XP (4921b41a0a850d3cd81b257318b28770)] -> xpath: //input[@value='Add Location & Continue' and @class='btn']]]]>
    </line>
    <line>
      <![CDATA[Waiting for element[[ChromeDriver: chrome on XP (4921b41a0a850d3cd81b257318b28770)] -> xpath: //input[@value='Add Location & Continue' and @class='btn']]]]>
    </line>
    <line>
      <![CDATA[Waiting for element[[ChromeDriver: chrome on XP (4921b41a0a850d3cd81b257318b28770)] -> xpath: //input[@value='Add Location & Continue' and @class='btn']]]]>
    </line>
    <line>
      <![CDATA[Waiting for element[[ChromeDriver: chrome on XP (4921b41a0a850d3cd81b257318b28770)] -> xpath: //input[@value='Add Location & Continue' and @class='btn']]]]>
    </line>
    <line>
      <![CDATA[Waiting for element[[ChromeDriver: chrome on XP (4921b41a0a850d3cd81b257318b28770)] -> xpath: //input[@value='Add Location & Continue' and @class='btn']]]]>
    </line>
    <line>
      <![CDATA[Waiting for element[[ChromeDriver: chrome on XP (4921b41a0a850d3cd81b257318b28770)] -> xpath: //input[@value='Add Location & Continue' and @class='btn']]]]>
    </line>
    <line>
      <![CDATA[Waiting for element[[ChromeDriver: chrome on XP (4921b41a0a850d3cd81b257318b28770)] -> xpath: //*[text()[contains(.,'Location Priority')]]/parent::th/following-sibling::td[1]/descendant::select]]]>
    </line>
    <line>
      <![CDATA[Waiting for element[[ChromeDriver: chrome on XP (4921b41a0a850d3cd81b257318b28770)] -> xpath: //*[text()[contains(.,'Location Priority')]]/parent::th/following-sibling::td[1]/descendant::select]]]>
    </line>
    <line>
      <![CDATA[Element element: //*[text()[contains(.,'Location Priority')]]/parent::th/following-sibling::td[1]/descendant::select loaded successfully]]>
    </line>
    <line>
      <![CDATA[DropDown Element: //*[text()[contains(.,'Location Priority')]]/parent::th/following-sibling::td[1]/descendant::select selected successfully]]>
    </line>
    <line>
      <![CDATA[Waiting for element[[ChromeDriver: chrome on XP (4921b41a0a850d3cd81b257318b28770)] -> xpath: //input[@value='Add Location & Continue' and @class='btn']]]]>
    </line>
    <line>
      <![CDATA[Waiting for element[[ChromeDriver: chrome on XP (4921b41a0a850d3cd81b257318b28770)] -> xpath: //input[@value='Add Location & Continue' and @class='btn']]]]>
    </line>
    <line>
      <![CDATA[Waiting for element[[ChromeDriver: chrome on XP (4921b41a0a850d3cd81b257318b28770)] -> xpath: //input[@value='Add Location & Close' and @class='btn']]]]>
    </line>
    <line>
      <![CDATA[Waiting for element[[ChromeDriver: chrome on XP (4921b41a0a850d3cd81b257318b28770)] -> xpath: //input[@value='Add Location & Close' and @class='btn']]]]>
    </line>
    <line>
      <![CDATA[Element element: //input[@value='Add Location & Close' and @class='btn'] loaded successfully]]>
    </line>
    <line>
      <![CDATA[Button element: //input[@value='Add Location & Close' and @class='btn'] clicked successfully]]>
    </line>
    <line>
      <![CDATA[Waiting for element[[ChromeDriver: chrome on XP (4921b41a0a850d3cd81b257318b28770)] -> xpath: //a/span[text()='Locations']]]]>
    </line>
    <line>
      <![CDATA[Waiting for element[[ChromeDriver: chrome on XP (4921b41a0a850d3cd81b257318b28770)] -> xpath: //a/span[text()='Locations']]]]>
    </line>
    <line>
      <![CDATA[Element element: //a/span[text()='Locations'] loaded successfully]]>
    </line>
    <line>
      <![CDATA[Added new location]]>
    </line>
    <line>
      <![CDATA[Waiting for element[[ChromeDriver: chrome on XP (4921b41a0a850d3cd81b257318b28770)] -> xpath: //a/span[text()='Participants']]]]>
    </line>
    <line>
      <![CDATA[Waiting for element[[ChromeDriver: chrome on XP (4921b41a0a850d3cd81b257318b28770)] -> xpath: //a/span[text()='Participants']]]]>
    </line>
    <line>
      <![CDATA[Element element: //a/span[text()='Participants'] loaded successfully]]>
    </line>
    <line>
      <![CDATA[Button element: //a/span[text()='Participants'] clicked successfully]]>
    </line>
    <line>
      <![CDATA[Waiting for element[[ChromeDriver: chrome on XP (4921b41a0a850d3cd81b257318b28770)] -> xpath: //input[@value='New Employee']]]]>
    </line>
    <line>
      <![CDATA[Waiting for element[[ChromeDriver: chrome on XP (4921b41a0a850d3cd81b257318b28770)] -> xpath: //input[@value='New Employee']]]]>
    </line>
    <line>
      <![CDATA[Element element: //input[@value='New Employee'] loaded successfully]]>
    </line>
    <line>
      <![CDATA[Waiting for element[[ChromeDriver: chrome on XP (4921b41a0a850d3cd81b257318b28770)] -> xpath: //input[@value='New Employee']]]]>
    </line>
    <line>
      <![CDATA[Waiting for element[[ChromeDriver: chrome on XP (4921b41a0a850d3cd81b257318b28770)] -> xpath: //input[@value='New Employee']]]]>
    </line>
    <line>
      <![CDATA[Element element: //input[@value='New Employee'] loaded successfully]]>
    </line>
    <line>
      <![CDATA[Button element: //input[@value='New Employee'] clicked successfully]]>
    </line>
    <line>
      <![CDATA[Waiting for element[[ChromeDriver: chrome on XP (4921b41a0a850d3cd81b257318b28770)] -> css selector: .detailList .requiredInput select]]]>
    </line>
    <line>
      <![CDATA[Waiting for element[[ChromeDriver: chrome on XP (4921b41a0a850d3cd81b257318b28770)] -> css selector: .detailList .requiredInput select]]]>
    </line>
    <line>
      <![CDATA[Element element: .detailList .requiredInput select loaded successfully]]>
    </line>
    <line>
      <![CDATA[Waiting for element[[ChromeDriver: chrome on XP (4921b41a0a850d3cd81b257318b28770)] -> css selector: .detailList .requiredInput select]]]>
    </line>
    <line>
      <![CDATA[Waiting for element[[ChromeDriver: chrome on XP (4921b41a0a850d3cd81b257318b28770)] -> css selector: .detailList .requiredInput select]]]>
    </line>
    <line>
      <![CDATA[Element element: .detailList .requiredInput select loaded successfully]]>
    </line>
    <line>
      <![CDATA[DropDown Element: .detailList .requiredInput select selected successfully]]>
    </line>
    <line>
      <![CDATA[Waiting for element[[ChromeDriver: chrome on XP (4921b41a0a850d3cd81b257318b28770)] -> xpath: .//input[@value = 'Search' and @type = 'button']/parent::td/descendant::input]]]>
    </line>
    <line>
      <![CDATA[Waiting for element[[ChromeDriver: chrome on XP (4921b41a0a850d3cd81b257318b28770)] -> xpath: .//input[@value = 'Search' and @type = 'button']/parent::td/descendant::input]]]>
    </line>
    <line>
      <![CDATA[Element element: .//input[@value = 'Search' and @type = 'button']/parent::td/descendant::input loaded successfully]]>
    </line>
    <line>
      <![CDATA[Button element: .//input[@value = 'Search' and @type = 'button']/parent::td/descendant::input clicked successfully]]>
    </line>
    <line>
      <![CDATA[Waiting for elementProxy element for: org.openqa.selenium.support.pagefactory.DefaultElementLocator@4da9f723]]>
    </line>
    <line>
      <![CDATA[Waiting for element[[ChromeDriver: chrome on XP (4921b41a0a850d3cd81b257318b28770)] -> xpath: //input[@value='Add Participant & Close']]]]>
    </line>
    <line>
      <![CDATA[Element element: //input[@value='Add Participant & Close'] loaded successfully]]>
    </line>
    <line>
      <![CDATA[Waiting for element[[ChromeDriver: chrome on XP (4921b41a0a850d3cd81b257318b28770)] -> xpath: //input[@value='Add Participant & Close']]]]>
    </line>
    <line>
      <![CDATA[Waiting for element[[ChromeDriver: chrome on XP (4921b41a0a850d3cd81b257318b28770)] -> xpath: //input[@value='Add Participant & Close']]]]>
    </line>
    <line>
      <![CDATA[Element element: //input[@value='Add Participant & Close'] loaded successfully]]>
    </line>
    <line>
      <![CDATA[Button element: //input[@value='Add Participant & Close'] clicked successfully]]>
    </line>
    <line>
      <![CDATA[Waiting for element[[ChromeDriver: chrome on XP (4921b41a0a850d3cd81b257318b28770)] -> xpath: .//*[@id='topButtonRow']/input[1]]]]>
    </line>
    <line>
      <![CDATA[Waiting for element[[ChromeDriver: chrome on XP (4921b41a0a850d3cd81b257318b28770)] -> xpath: .//*[@id='topButtonRow']/input[1]]]]>
    </line>
    <line>
      <![CDATA[Element element: .//*[@id='topButtonRow']/input[1] loaded successfully]]>
    </line>
    <line>
      <![CDATA[Waiting for element[[ChromeDriver: chrome on XP (4921b41a0a850d3cd81b257318b28770)] -> xpath: //a/span[text()='Participants']]]]>
    </line>
    <line>
      <![CDATA[Waiting for element[[ChromeDriver: chrome on XP (4921b41a0a850d3cd81b257318b28770)] -> xpath: //a/span[text()='Participants']]]]>
    </line>
    <line>
      <![CDATA[Element element: //a/span[text()='Participants'] loaded successfully]]>
    </line>
    <line>
      <![CDATA[Button element: //a/span[text()='Participants'] clicked successfully]]>
    </line>
    <line>
      <![CDATA[Waiting for element[[ChromeDriver: chrome on XP (4921b41a0a850d3cd81b257318b28770)] -> xpath: //input[@name='ahm__search_employee']]]]>
    </line>
    <line>
      <![CDATA[Waiting for element[[ChromeDriver: chrome on XP (4921b41a0a850d3cd81b257318b28770)] -> xpath: //input[@name='ahm__search_employee']]]]>
    </line>
    <line>
      <![CDATA[Element element: //input[@name='ahm__search_employee'] loaded successfully]]>
    </line>
    <line>
      <![CDATA[Button element: //input[@name='ahm__search_employee'] clicked successfully]]>
    </line>
    <line>
      <![CDATA[Waiting for element[[ChromeDriver: chrome on XP (4921b41a0a850d3cd81b257318b28770)] -> css selector: .detailList .requiredInput select]]]>
    </line>
    <line>
      <![CDATA[Waiting for element[[ChromeDriver: chrome on XP (4921b41a0a850d3cd81b257318b28770)] -> css selector: .detailList .requiredInput select]]]>
    </line>
    <line>
      <![CDATA[Element element: .detailList .requiredInput select loaded successfully]]>
    </line>
    <line>
      <![CDATA[DropDown Element: .detailList .requiredInput select selected successfully]]>
    </line>
    <line>
      <![CDATA[Waiting for element[[ChromeDriver: chrome on XP (4921b41a0a850d3cd81b257318b28770)] -> xpath: .//input[@value = 'Search' and @type = 'button']/parent::td/descendant::input]]]>
    </line>
    <line>
      <![CDATA[Waiting for element[[ChromeDriver: chrome on XP (4921b41a0a850d3cd81b257318b28770)] -> xpath: .//input[@value = 'Search' and @type = 'button']/parent::td/descendant::input]]]>
    </line>
    <line>
      <![CDATA[Element element: .//input[@value = 'Search' and @type = 'button']/parent::td/descendant::input loaded successfully]]>
    </line>
    <line>
      <![CDATA[Button element: .//input[@value = 'Search' and @type = 'button']/parent::td/descendant::input clicked successfully]]>
    </line>
    <line>
      <![CDATA[Waiting for element[[ChromeDriver: chrome on XP (4921b41a0a850d3cd81b257318b28770)] -> xpath: //input[@value='Add Participant & Close']]]]>
    </line>
    <line>
      <![CDATA[Waiting for element[[ChromeDriver: chrome on XP (4921b41a0a850d3cd81b257318b28770)] -> xpath: //input[@value='Add Participant & Close']]]]>
    </line>
    <line>
      <![CDATA[Element element: //input[@value='Add Participant & Close'] loaded successfully]]>
    </line>
    <line>
      <![CDATA[Button element: //input[@value='Add Participant & Close'] clicked successfully]]>
    </line>
    <line>
      <![CDATA[Waiting for element[[ChromeDriver: chrome on XP (4921b41a0a850d3cd81b257318b28770)] -> xpath: //a/span[text()='Locations']]]]>
    </line>
    <line>
      <![CDATA[Waiting for element[[ChromeDriver: chrome on XP (4921b41a0a850d3cd81b257318b28770)] -> xpath: //a/span[text()='Locations']]]]>
    </line>
    <line>
      <![CDATA[Element element: //a/span[text()='Locations'] loaded successfully]]>
    </line>
    <line>
      <![CDATA[Created new participant]]>
    </line>
    <line>
      <![CDATA[Waiting for element[[ChromeDriver: chrome on XP (4921b41a0a850d3cd81b257318b28770)] -> xpath: //span[@class='listTitle' and text()='Logistic Needs']]]]>
    </line>
    <line>
      <![CDATA[Waiting for element[[ChromeDriver: chrome on XP (4921b41a0a850d3cd81b257318b28770)] -> xpath: //span[@class='listTitle' and text()='Logistic Needs']]]]>
    </line>
    <line>
      <![CDATA[Element element: //span[@class='listTitle' and text()='Logistic Needs'] loaded successfully]]>
    </line>
    <line>
      <![CDATA[Button element: //span[@class='listTitle' and text()='Logistic Needs'] clicked successfully]]>
    </line>
    <line>
      <![CDATA[Waiting for element[[ChromeDriver: chrome on XP (4921b41a0a850d3cd81b257318b28770)] -> xpath: //input[@value='New Logistic Need']]]]>
    </line>
    <line>
      <![CDATA[Waiting for element[[ChromeDriver: chrome on XP (4921b41a0a850d3cd81b257318b28770)] -> xpath: //input[@value='New Logistic Need']]]]>
    </line>
    <line>
      <![CDATA[Element element: //input[@value='New Logistic Need'] loaded successfully]]>
    </line>
    <line>
      <![CDATA[Button element: //input[@value='New Logistic Need'] clicked successfully]]>
    </line>
    <line>
      <![CDATA[Waiting for element[[ChromeDriver: chrome on XP (4921b41a0a850d3cd81b257318b28770)] -> xpath: //label[text()='Logistic Need']/../following-sibling::td/select]]]>
    </line>
    <line>
      <![CDATA[Waiting for element[[ChromeDriver: chrome on XP (4921b41a0a850d3cd81b257318b28770)] -> xpath: //label[text()='Logistic Need']/../following-sibling::td/select]]]>
    </line>
    <line>
      <![CDATA[Element element: //label[text()='Logistic Need']/../following-sibling::td/select loaded successfully]]>
    </line>
    <line>
      <![CDATA[DropDown Element: //label[text()='Logistic Need']/../following-sibling::td/select selected successfully]]>
    </line>
    <line>
      <![CDATA[Waiting for element[[ChromeDriver: chrome on XP (4921b41a0a850d3cd81b257318b28770)] -> xpath: //input[@value='Save&New']]]]>
    </line>
    <line>
      <![CDATA[Waiting for element[[ChromeDriver: chrome on XP (4921b41a0a850d3cd81b257318b28770)] -> xpath: //input[@value='Save&New']]]]>
    </line>
    <line>
      <![CDATA[Element element: //input[@value='Save&New'] loaded successfully]]>
    </line>
    <line>
      <![CDATA[Waiting for element[[ChromeDriver: chrome on XP (4921b41a0a850d3cd81b257318b28770)] -> xpath: //input[@value='Save&New']]]]>
    </line>
    <line>
      <![CDATA[Waiting for element[[ChromeDriver: chrome on XP (4921b41a0a850d3cd81b257318b28770)] -> xpath: //input[@value='Save&New']]]]>
    </line>
    <line>
      <![CDATA[Element element: //input[@value='Save&New'] loaded successfully]]>
    </line>
    <line>
      <![CDATA[Button element: //input[@value='Save&New'] clicked successfully]]>
    </line>
    <line>
      <![CDATA[Waiting for element[[ChromeDriver: chrome on XP (4921b41a0a850d3cd81b257318b28770)] -> xpath: //label[text()='Logistic Need']/../following-sibling::td/select]]]>
    </line>
    <line>
      <![CDATA[Waiting for element[[ChromeDriver: chrome on XP (4921b41a0a850d3cd81b257318b28770)] -> xpath: //label[text()='Logistic Need']/../following-sibling::td/select]]]>
    </line>
    <line>
      <![CDATA[Element element: //label[text()='Logistic Need']/../following-sibling::td/select loaded successfully]]>
    </line>
    <line>
      <![CDATA[DropDown Element: //label[text()='Logistic Need']/../following-sibling::td/select selected successfully]]>
    </line>
    <line>
      <![CDATA[Waiting for element[[ChromeDriver: chrome on XP (4921b41a0a850d3cd81b257318b28770)] -> xpath: //input[@value='Save&New']]]]>
    </line>
    <line>
      <![CDATA[Waiting for element[[ChromeDriver: chrome on XP (4921b41a0a850d3cd81b257318b28770)] -> xpath: //input[@value='Save&New']]]]>
    </line>
    <line>
      <![CDATA[Element element: //input[@value='Save&New'] loaded successfully]]>
    </line>
    <line>
      <![CDATA[Waiting for element[[ChromeDriver: chrome on XP (4921b41a0a850d3cd81b257318b28770)] -> xpath: //input[@value='Save&New']]]]>
    </line>
    <line>
      <![CDATA[Waiting for element[[ChromeDriver: chrome on XP (4921b41a0a850d3cd81b257318b28770)] -> xpath: //input[@value='Save&New']]]]>
    </line>
    <line>
      <![CDATA[Element element: //input[@value='Save&New'] loaded successfully]]>
    </line>
    <line>
      <![CDATA[Button element: //input[@value='Save&New'] clicked successfully]]>
    </line>
    <line>
      <![CDATA[Waiting for element[[ChromeDriver: chrome on XP (4921b41a0a850d3cd81b257318b28770)] -> xpath: //label[text()='Logistic Need']/../following-sibling::td/select]]]>
    </line>
    <line>
      <![CDATA[Waiting for element[[ChromeDriver: chrome on XP (4921b41a0a850d3cd81b257318b28770)] -> xpath: //label[text()='Logistic Need']/../following-sibling::td/select]]]>
    </line>
    <line>
      <![CDATA[Element element: //label[text()='Logistic Need']/../following-sibling::td/select loaded successfully]]>
    </line>
    <line>
      <![CDATA[DropDown Element: //label[text()='Logistic Need']/../following-sibling::td/select selected successfully]]>
    </line>
    <line>
      <![CDATA[Waiting for element[[ChromeDriver: chrome on XP (4921b41a0a850d3cd81b257318b28770)] -> xpath: .//input[@value = 'Add Row']]]]>
    </line>
    <line>
      <![CDATA[Waiting for element[[ChromeDriver: chrome on XP (4921b41a0a850d3cd81b257318b28770)] -> xpath: .//input[@value = 'Add Row']]]]>
    </line>
    <line>
      <![CDATA[Element element: .//input[@value = 'Add Row'] loaded successfully]]>
    </line>
    <line>
      <![CDATA[Waiting for element[[ChromeDriver: chrome on XP (4921b41a0a850d3cd81b257318b28770)] -> xpath: .//input[@value = 'Add Row']]]]>
    </line>
    <line>
      <![CDATA[Waiting for element[[ChromeDriver: chrome on XP (4921b41a0a850d3cd81b257318b28770)] -> xpath: .//input[@value = 'Add Row']]]]>
    </line>
    <line>
      <![CDATA[Element element: .//input[@value = 'Add Row'] loaded successfully]]>
    </line>
    <line>
      <![CDATA[Button element: .//input[@value = 'Add Row'] clicked successfully]]>
    </line>
    <line>
      <![CDATA[Waiting for element[[ChromeDriver: chrome on XP (4921b41a0a850d3cd81b257318b28770)] -> xpath: //label[text()='Logistic Need']/../following-sibling::td/select]]]>
    </line>
    <line>
      <![CDATA[Waiting for element[[ChromeDriver: chrome on XP (4921b41a0a850d3cd81b257318b28770)] -> xpath: //label[text()='Logistic Need']/../following-sibling::td/select]]]>
    </line>
    <line>
      <![CDATA[Element element: //label[text()='Logistic Need']/../following-sibling::td/select loaded successfully]]>
    </line>
    <line>
      <![CDATA[DropDown Element: //label[text()='Logistic Need']/../following-sibling::td/select selected successfully]]>
    </line>
    <line>
      <![CDATA[Waiting for element[[ChromeDriver: chrome on XP (4921b41a0a850d3cd81b257318b28770)] -> xpath: //*[text()[contains(.,'Delete')]]/parent::td/following-sibling::td[2]/descendant::input]]]>
    </line>
    <line>
      <![CDATA[Waiting for element[[ChromeDriver: chrome on XP (4921b41a0a850d3cd81b257318b28770)] -> xpath: //*[text()[contains(.,'Delete')]]/parent::td/following-sibling::td[2]/descendant::input]]]>
    </line>
    <line>
      <![CDATA[Element element: //*[text()[contains(.,'Delete')]]/parent::td/following-sibling::td[2]/descendant::input loaded successfully]]>
    </line>
    <line>
      <![CDATA[TextField element: //*[text()[contains(.,'Delete')]]/parent::td/following-sibling::td[2]/descendant::input set text successfully]]>
    </line>
    <line>
      <![CDATA[Waiting for element[[ChromeDriver: chrome on XP (4921b41a0a850d3cd81b257318b28770)] -> xpath: .//*[@id='j_id0:logisticsId:fmvcomponents:pbTable:0:targetName']]]]>
    </line>
    <line>
      <![CDATA[Waiting for element[[ChromeDriver: chrome on XP (4921b41a0a850d3cd81b257318b28770)] -> xpath: .//*[@id='j_id0:logisticsId:fmvcomponents:pbTable:0:targetName']]]]>
    </line>
    <line>
      <![CDATA[Element element: .//*[@id='j_id0:logisticsId:fmvcomponents:pbTable:0:targetName'] loaded successfully]]>
    </line>
    <line>
      <![CDATA[TextField element: .//*[@id='j_id0:logisticsId:fmvcomponents:pbTable:0:targetName'] set text successfully]]>
    </line>
    <line>
      <![CDATA[Waiting for element[[ChromeDriver: chrome on XP (4921b41a0a850d3cd81b257318b28770)] -> xpath: //*[text()[contains(.,'Logistic Provider')]]/ancestor::thead/following-sibling::tbody/tr/td[7]/select]]]>
    </line>
    <line>
      <![CDATA[Waiting for element[[ChromeDriver: chrome on XP (4921b41a0a850d3cd81b257318b28770)] -> xpath: //*[text()[contains(.,'Logistic Provider')]]/ancestor::thead/following-sibling::tbody/tr/td[7]/select]]]>
    </line>
    <line>
      <![CDATA[Element element: //*[text()[contains(.,'Logistic Provider')]]/ancestor::thead/following-sibling::tbody/tr/td[7]/select loaded successfully]]>
    </line>
    <line>
      <![CDATA[Waiting for element[[ChromeDriver: chrome on XP (4921b41a0a850d3cd81b257318b28770)] -> xpath: //*[text()[contains(.,'Logistic Provider')]]/ancestor::thead/following-sibling::tbody/tr/td[7]/select]]]>
    </line>
    <line>
      <![CDATA[Element element: //*[text()[contains(.,'Logistic Provider')]]/ancestor::thead/following-sibling::tbody/tr/td[7]/select loaded successfully]]>
    </line>
    <line>
      <![CDATA[DropDown Element: //*[text()[contains(.,'Logistic Provider')]]/ancestor::thead/following-sibling::tbody/tr/td[7]/select selected successfully]]>
    </line>
    <line>
      <![CDATA[DropDown Element: //*[text()[contains(.,'Logistic Provider')]]/ancestor::thead/following-sibling::tbody/tr/td[7]/select selected successfully]]>
    </line>
    <line>
      <![CDATA[Waiting for element[[ChromeDriver: chrome on XP (4921b41a0a850d3cd81b257318b28770)] -> xpath: //input[@value='Save']]]]>
    </line>
    <line>
      <![CDATA[Waiting for element[[ChromeDriver: chrome on XP (4921b41a0a850d3cd81b257318b28770)] -> xpath: //input[@value='Save']]]]>
    </line>
    <line>
      <![CDATA[Element element: //input[@value='Save'] loaded successfully]]>
    </line>
    <line>
      <![CDATA[Waiting for element[[ChromeDriver: chrome on XP (4921b41a0a850d3cd81b257318b28770)] -> xpath: //input[@value='Save']]]]>
    </line>
    <line>
      <![CDATA[Waiting for element[[ChromeDriver: chrome on XP (4921b41a0a850d3cd81b257318b28770)] -> xpath: //input[@value='Save']]]]>
    </line>
    <line>
      <![CDATA[Element element: //input[@value='Save'] loaded successfully]]>
    </line>
    <line>
      <![CDATA[Button element: //input[@value='Save'] clicked successfully]]>
    </line>
    <line>
      <![CDATA[Created new logistics]]>
    </line>
    <line>
      <![CDATA[Waiting for element[[ChromeDriver: chrome on XP (4921b41a0a850d3cd81b257318b28770)] -> xpath: //a/span[text()='Estimates']]]]>
    </line>
    <line>
      <![CDATA[Waiting for element[[ChromeDriver: chrome on XP (4921b41a0a850d3cd81b257318b28770)] -> xpath: //a/span[text()='Estimates']]]]>
    </line>
    <line>
      <![CDATA[Element element: //a/span[text()='Estimates'] loaded successfully]]>
    </line>
    <line>
      <![CDATA[Button element: //a/span[text()='Estimates'] clicked successfully]]>
    </line>
    <line>
      <![CDATA[Waiting for element[[ChromeDriver: chrome on XP (4921b41a0a850d3cd81b257318b28770)] -> xpath: //input[@title='New Estimate']]]]>
    </line>
    <line>
      <![CDATA[Waiting for element[[ChromeDriver: chrome on XP (4921b41a0a850d3cd81b257318b28770)] -> xpath: //input[@title='New Estimate']]]]>
    </line>
    <line>
      <![CDATA[Element element: //input[@title='New Estimate'] loaded successfully]]>
    </line>
    <line>
      <![CDATA[Button element: //input[@title='New Estimate'] clicked successfully]]>
    </line>
    <line>
      <![CDATA[Waiting for element[[ChromeDriver: chrome on XP (4921b41a0a850d3cd81b257318b28770)] -> xpath: //label[contains(text(),'Spend Type')]/parent::td/following-sibling::td//select]]]>
    </line>
    <line>
      <![CDATA[Waiting for element[[ChromeDriver: chrome on XP (4921b41a0a850d3cd81b257318b28770)] -> xpath: //label[contains(text(),'Spend Type')]/parent::td/following-sibling::td//select]]]>
    </line>
    <line>
      <![CDATA[Element element: //label[contains(text(),'Spend Type')]/parent::td/following-sibling::td//select loaded successfully]]>
    </line>
    <line>
      <![CDATA[Waiting for element[[ChromeDriver: chrome on XP (4921b41a0a850d3cd81b257318b28770)] -> xpath: //label[contains(text(),'Spend Type')]/parent::td/following-sibling::td//select]]]>
    </line>
    <line>
      <![CDATA[Element element: //label[contains(text(),'Spend Type')]/parent::td/following-sibling::td//select loaded successfully]]>
    </line>
    <line>
      <![CDATA[DropDown Element: //label[contains(text(),'Spend Type')]/parent::td/following-sibling::td//select selected successfully]]>
    </line>
    <line>
      <![CDATA[DropDown Element: //label[contains(text(),'Spend Type')]/parent::td/following-sibling::td//select selected successfully]]>
    </line>
    <line>
      <![CDATA[Waiting for element[[ChromeDriver: chrome on XP (4921b41a0a850d3cd81b257318b28770)] -> xpath: //label[text()='Amount']/parent::td/following-sibling::td[contains(@class,'dataCol')]/input]]]>
    </line>
    <line>
      <![CDATA[Waiting for element[[ChromeDriver: chrome on XP (4921b41a0a850d3cd81b257318b28770)] -> xpath: //label[text()='Amount']/parent::td/following-sibling::td[contains(@class,'dataCol')]/input]]]>
    </line>
    <line>
      <![CDATA[Element element: //label[text()='Amount']/parent::td/following-sibling::td[contains(@class,'dataCol')]/input loaded successfully]]>
    </line>
    <line>
      <![CDATA[TextField element: //label[text()='Amount']/parent::td/following-sibling::td[contains(@class,'dataCol')]/input set text successfully]]>
    </line>
    <line>
      <![CDATA[Waiting for element[[ChromeDriver: chrome on XP (4921b41a0a850d3cd81b257318b28770)] -> xpath: .//td[@id='topButtonRow']/input[@name='save']]]]>
    </line>
    <line>
      <![CDATA[Waiting for element[[ChromeDriver: chrome on XP (4921b41a0a850d3cd81b257318b28770)] -> xpath: .//td[@id='topButtonRow']/input[@name='save']]]]>
    </line>
    <line>
      <![CDATA[Element element: .//td[@id='topButtonRow']/input[@name='save'] loaded successfully]]>
    </line>
    <line>
      <![CDATA[Button element: .//td[@id='topButtonRow']/input[@name='save'] clicked successfully]]>
    </line>
    <line>
      <![CDATA[New estimate created]]>
    </line>
    <line>
      <![CDATA[Waiting for element[[ChromeDriver: chrome on XP (4921b41a0a850d3cd81b257318b28770)] -> xpath: //*[text()[contains(.,'Interaction')]]/following-sibling::td/div/a]]]>
    </line>
    <line>
      <![CDATA[Waiting for element[[ChromeDriver: chrome on XP (4921b41a0a850d3cd81b257318b28770)] -> xpath: //*[text()[contains(.,'Interaction')]]/following-sibling::td/div/a]]]>
    </line>
    <line>
      <![CDATA[Element element: //*[text()[contains(.,'Interaction')]]/following-sibling::td/div/a loaded successfully]]>
    </line>
    <line>
      <![CDATA[Waiting for element[[ChromeDriver: chrome on XP (4921b41a0a850d3cd81b257318b28770)] -> xpath: //*[text()[contains(.,'Interaction')]]/following-sibling::td/div/a]]]>
    </line>
    <line>
      <![CDATA[Waiting for element[[ChromeDriver: chrome on XP (4921b41a0a850d3cd81b257318b28770)] -> xpath: //*[text()[contains(.,'Interaction')]]/following-sibling::td/div/a]]]>
    </line>
    <line>
      <![CDATA[Element element: //*[text()[contains(.,'Interaction')]]/following-sibling::td/div/a loaded successfully]]>
    </line>
    <line>
      <![CDATA[Button element: //*[text()[contains(.,'Interaction')]]/following-sibling::td/div/a clicked successfully]]>
    </line>
    <line>
      <![CDATA[Waiting for element[[ChromeDriver: chrome on XP (4921b41a0a850d3cd81b257318b28770)] -> xpath: //input[@value='Validate']]]]>
    </line>
    <line>
      <![CDATA[Waiting for element[[ChromeDriver: chrome on XP (4921b41a0a850d3cd81b257318b28770)] -> xpath: //input[@value='Validate']]]]>
    </line>
    <line>
      <![CDATA[Element element: //input[@value='Validate'] loaded successfully]]>
    </line>
    <line>
      <![CDATA[Waiting for element[[ChromeDriver: chrome on XP (4921b41a0a850d3cd81b257318b28770)] -> xpath: //input[@value='Validate']]]]>
    </line>
    <line>
      <![CDATA[Waiting for element[[ChromeDriver: chrome on XP (4921b41a0a850d3cd81b257318b28770)] -> xpath: //input[@value='Validate']]]]>
    </line>
    <line>
      <![CDATA[Element element: //input[@value='Validate'] loaded successfully]]>
    </line>
    <line>
      <![CDATA[Button element: //input[@value='Validate'] clicked successfully]]>
    </line>
    <line>
      <![CDATA[Waiting for element[[ChromeDriver: chrome on XP (4921b41a0a850d3cd81b257318b28770)] -> xpath: //*[text()[contains(.,'Interaction validated successfully')]]]]]>
    </line>
    <line>
      <![CDATA[Waiting for element[[ChromeDriver: chrome on XP (4921b41a0a850d3cd81b257318b28770)] -> xpath: //*[text()[contains(.,'Interaction validated successfully')]]]]]>
    </line>
    <line>
      <![CDATA[Element element: //*[text()[contains(.,'Interaction validated successfully')]] loaded successfully]]>
    </line>
    <line>
      <![CDATA[Label Element: //*[text()[contains(.,'Interaction validated successfully')]] returned label successfully]]>
    </line>
    <line>
      <![CDATA[Waiting for element[[ChromeDriver: chrome on XP (4921b41a0a850d3cd81b257318b28770)] -> xpath: //input[@value='Submit for Approval']]]]>
    </line>
    <line>
      <![CDATA[Waiting for element[[ChromeDriver: chrome on XP (4921b41a0a850d3cd81b257318b28770)] -> xpath: //input[@value='Submit for Approval']]]]>
    </line>
    <line>
      <![CDATA[Element element: //input[@value='Submit for Approval'] loaded successfully]]>
    </line>
    <line>
      <![CDATA[Alert pop-up element:  //input[@value='Submit for Approval'] clicked successfully]]>
    </line>
    <line>
      <![CDATA[Waiting for element[[ChromeDriver: chrome on XP (4921b41a0a850d3cd81b257318b28770)] -> xpath: .//a[contains(text(),'Interactions')]]]]>
    </line>
    <line>
      <![CDATA[Waiting for element[[ChromeDriver: chrome on XP (4921b41a0a850d3cd81b257318b28770)] -> xpath: .//a[contains(text(),'Interactions')]]]]>
    </line>
    <line>
      <![CDATA[Element element: .//a[contains(text(),'Interactions')] loaded successfully]]>
    </line>
    <line>
      <![CDATA[Waiting for element[[ChromeDriver: chrome on XP (4921b41a0a850d3cd81b257318b28770)] -> xpath: //input[@name='edit']]]]>
    </line>
    <line>
      <![CDATA[Waiting for element[[ChromeDriver: chrome on XP (4921b41a0a850d3cd81b257318b28770)] -> xpath: //input[@name='edit']]]]>
    </line>
    <line>
      <![CDATA[Element element: //input[@name='edit'] loaded successfully]]>
    </line>
    <line>
      <![CDATA[Button element: //input[@name='edit'] clicked successfully]]>
    </line>
    <line>
      <![CDATA[Waiting for element[[ChromeDriver: chrome on XP (4921b41a0a850d3cd81b257318b28770)] -> xpath: //*[text()[contains(.,'Status')]]/parent::th/following-sibling::td[1]/descendant::select]]]>
    </line>
    <line>
      <![CDATA[Waiting for element[[ChromeDriver: chrome on XP (4921b41a0a850d3cd81b257318b28770)] -> xpath: //*[text()[contains(.,'Status')]]/parent::th/following-sibling::td[1]/descendant::select]]]>
    </line>
    <line>
      <![CDATA[Element element: //*[text()[contains(.,'Status')]]/parent::th/following-sibling::td[1]/descendant::select loaded successfully]]>
    </line>
    <line>
      <![CDATA[Waiting for element[[ChromeDriver: chrome on XP (4921b41a0a850d3cd81b257318b28770)] -> xpath: //*[text()[contains(.,'Status')]]/parent::th/following-sibling::td[1]/descendant::select]]]>
    </line>
    <line>
      <![CDATA[Waiting for element[[ChromeDriver: chrome on XP (4921b41a0a850d3cd81b257318b28770)] -> xpath: //*[text()[contains(.,'Status')]]/parent::th/following-sibling::td[1]/descendant::select]]]>
    </line>
    <line>
      <![CDATA[Element element: //*[text()[contains(.,'Status')]]/parent::th/following-sibling::td[1]/descendant::select loaded successfully]]>
    </line>
    <line>
      <![CDATA[DropDown Element: //*[text()[contains(.,'Status')]]/parent::th/following-sibling::td[1]/descendant::select selected successfully]]>
    </line>
    <line>
      <![CDATA[Waiting for element[[ChromeDriver: chrome on XP (4921b41a0a850d3cd81b257318b28770)] -> xpath: //*[text()[contains(.,'Status')]]/parent::th/following-sibling::td[1]/descendant::select]]]>
    </line>
    <line>
      <![CDATA[Waiting for element[[ChromeDriver: chrome on XP (4921b41a0a850d3cd81b257318b28770)] -> xpath: //*[text()[contains(.,'Status')]]/parent::th/following-sibling::td[1]/descendant::select]]]>
    </line>
    <line>
      <![CDATA[Element element: //*[text()[contains(.,'Status')]]/parent::th/following-sibling::td[1]/descendant::select loaded successfully]]>
    </line>
    <line>
      <![CDATA[DropDown Element: //*[text()[contains(.,'Status')]]/parent::th/following-sibling::td[1]/descendant::select selected successfully]]>
    </line>
    <line>
      <![CDATA[Waiting for element[[ChromeDriver: chrome on XP (4921b41a0a850d3cd81b257318b28770)] -> xpath: (.//input[@class='btn' and @value='Save'])[1]]]]>
    </line>
    <line>
      <![CDATA[Waiting for element[[ChromeDriver: chrome on XP (4921b41a0a850d3cd81b257318b28770)] -> xpath: (.//input[@class='btn' and @value='Save'])[1]]]]>
    </line>
    <line>
      <![CDATA[Element element: (.//input[@class='btn' and @value='Save'])[1] loaded successfully]]>
    </line>
    <line>
      <![CDATA[Button element: (.//input[@class='btn' and @value='Save'])[1] clicked successfully]]>
    </line>
    <line>
      <![CDATA[Waiting for element[[ChromeDriver: chrome on XP (4921b41a0a850d3cd81b257318b28770)] -> xpath: //input[@name='edit']]]]>
    </line>
    <line>
      <![CDATA[Waiting for element[[ChromeDriver: chrome on XP (4921b41a0a850d3cd81b257318b28770)] -> xpath: //input[@name='edit']]]]>
    </line>
    <line>
      <![CDATA[Element element: //input[@name='edit'] loaded successfully]]>
    </line>
    <line>
      <![CDATA[Button element: //input[@name='edit'] clicked successfully]]>
    </line>
    <line>
      <![CDATA[Waiting for element[[ChromeDriver: chrome on XP (4921b41a0a850d3cd81b257318b28770)] -> xpath: (.//input[@class='btn' and @value='Save'])[1]]]]>
    </line>
    <line>
      <![CDATA[Waiting for element[[ChromeDriver: chrome on XP (4921b41a0a850d3cd81b257318b28770)] -> xpath: (.//input[@class='btn' and @value='Save'])[1]]]]>
    </line>
    <line>
      <![CDATA[Element element: (.//input[@class='btn' and @value='Save'])[1] loaded successfully]]>
    </line>
    <line>
      <![CDATA[Waiting for element[[ChromeDriver: chrome on XP (4921b41a0a850d3cd81b257318b28770)] -> xpath: //*[text()[contains(.,'Status')]]/parent::th/following-sibling::td[1]/descendant::select]]]>
    </line>
    <line>
      <![CDATA[Waiting for element[[ChromeDriver: chrome on XP (4921b41a0a850d3cd81b257318b28770)] -> xpath: //*[text()[contains(.,'Status')]]/parent::th/following-sibling::td[1]/descendant::select]]]>
    </line>
    <line>
      <![CDATA[Element element: //*[text()[contains(.,'Status')]]/parent::th/following-sibling::td[1]/descendant::select loaded successfully]]>
    </line>
    <line>
      <![CDATA[DropDown Element: //*[text()[contains(.,'Status')]]/parent::th/following-sibling::td[1]/descendant::select selected successfully]]>
    </line>
    <line>
      <![CDATA[Waiting for element[[ChromeDriver: chrome on XP (4921b41a0a850d3cd81b257318b28770)] -> xpath: //*[text()[contains(.,'Status')]]/parent::th/following-sibling::td[1]/descendant::select]]]>
    </line>
    <line>
      <![CDATA[Waiting for element[[ChromeDriver: chrome on XP (4921b41a0a850d3cd81b257318b28770)] -> xpath: //*[text()[contains(.,'Status')]]/parent::th/following-sibling::td[1]/descendant::select]]]>
    </line>
    <line>
      <![CDATA[Element element: //*[text()[contains(.,'Status')]]/parent::th/following-sibling::td[1]/descendant::select loaded successfully]]>
    </line>
    <line>
      <![CDATA[DropDown Element: //*[text()[contains(.,'Status')]]/parent::th/following-sibling::td[1]/descendant::select selected successfully]]>
    </line>
    <line>
      <![CDATA[Waiting for element[[ChromeDriver: chrome on XP (4921b41a0a850d3cd81b257318b28770)] -> xpath: (.//input[@class='btn' and @value='Save'])[1]]]]>
    </line>
    <line>
      <![CDATA[Waiting for element[[ChromeDriver: chrome on XP (4921b41a0a850d3cd81b257318b28770)] -> xpath: (.//input[@class='btn' and @value='Save'])[1]]]]>
    </line>
    <line>
      <![CDATA[Element element: (.//input[@class='btn' and @value='Save'])[1] loaded successfully]]>
    </line>
    <line>
      <![CDATA[Button element: (.//input[@class='btn' and @value='Save'])[1] clicked successfully]]>
    </line>
    <line>
      <![CDATA[Waiting for element[[ChromeDriver: chrome on XP (4921b41a0a850d3cd81b257318b28770)] -> xpath: .//a[contains(text(),'Interactions')]]]]>
    </line>
    <line>
      <![CDATA[Waiting for element[[ChromeDriver: chrome on XP (4921b41a0a850d3cd81b257318b28770)] -> xpath: .//a[contains(text(),'Interactions')]]]]>
    </line>
    <line>
      <![CDATA[Element element: .//a[contains(text(),'Interactions')] loaded successfully]]>
    </line>
    <line>
      <![CDATA[Updated interaction status to accepted]]>
    </line>
    <line>
      <![CDATA[Waiting for element[[ChromeDriver: chrome on XP (4921b41a0a850d3cd81b257318b28770)] -> xpath: //a/span[text()='Locations']]]]>
    </line>
    <line>
      <![CDATA[Waiting for element[[ChromeDriver: chrome on XP (4921b41a0a850d3cd81b257318b28770)] -> xpath: //a/span[text()='Locations']]]]>
    </line>
    <line>
      <![CDATA[Element element: //a/span[text()='Locations'] loaded successfully]]>
    </line>
    <line>
      <![CDATA[Waiting for element[[ChromeDriver: chrome on XP (4921b41a0a850d3cd81b257318b28770)] -> xpath: //a/span[text()='Locations']]]]>
    </line>
    <line>
      <![CDATA[Waiting for element[[ChromeDriver: chrome on XP (4921b41a0a850d3cd81b257318b28770)] -> xpath: //a/span[text()='Locations']]]]>
    </line>
    <line>
      <![CDATA[Element element: //a/span[text()='Locations'] loaded successfully]]>
    </line>
    <line>
      <![CDATA[Button element: //a/span[text()='Locations'] clicked successfully]]>
    </line>
    <line>
      <![CDATA[Waiting for element[[ChromeDriver: chrome on XP (4921b41a0a850d3cd81b257318b28770)] -> xpath: //*[text()[contains(.,'Location Status')]]/parent::td/following-sibling::td[1]/descendant::select]]]>
    </line>
    <line>
      <![CDATA[Waiting for element[[ChromeDriver: chrome on XP (4921b41a0a850d3cd81b257318b28770)] -> xpath: //*[text()[contains(.,'Location Status')]]/parent::td/following-sibling::td[1]/descendant::select]]]>
    </line>
    <line>
      <![CDATA[Element element: //*[text()[contains(.,'Location Status')]]/parent::td/following-sibling::td[1]/descendant::select loaded successfully]]>
    </line>
    <line>
      <![CDATA[DropDown Element: //*[text()[contains(.,'Location Status')]]/parent::td/following-sibling::td[1]/descendant::select selected successfully]]>
    </line>
    <line>
      <![CDATA[Waiting for element[[ChromeDriver: chrome on XP (4921b41a0a850d3cd81b257318b28770)] -> xpath: //input[@title='Save']]]]>
    </line>
    <line>
      <![CDATA[Waiting for element[[ChromeDriver: chrome on XP (4921b41a0a850d3cd81b257318b28770)] -> xpath: //input[@title='Save']]]]>
    </line>
    <line>
      <![CDATA[Element element: //input[@title='Save'] loaded successfully]]>
    </line>
    <line>
      <![CDATA[Button element: //input[@title='Save'] clicked successfully]]>
    </line>
    <line>
      <![CDATA[Waiting for element[[ChromeDriver: chrome on XP (4921b41a0a850d3cd81b257318b28770)] -> xpath: //a/span[text()='Participants']]]]>
    </line>
    <line>
      <![CDATA[Waiting for element[[ChromeDriver: chrome on XP (4921b41a0a850d3cd81b257318b28770)] -> xpath: //a/span[text()='Participants']]]]>
    </line>
    <line>
      <![CDATA[Element element: //a/span[text()='Participants'] loaded successfully]]>
    </line>
    <line>
      <![CDATA[Button element: //a/span[text()='Participants'] clicked successfully]]>
    </line>
    <line>
      <![CDATA[Waiting for element[[ChromeDriver: chrome on XP (4921b41a0a850d3cd81b257318b28770)] -> xpath: //*[text()[contains(.,'Status')]]/parent::th/following-sibling::td/descendant::select]]]>
    </line>
    <line>
      <![CDATA[Waiting for element[[ChromeDriver: chrome on XP (4921b41a0a850d3cd81b257318b28770)] -> xpath: //*[text()[contains(.,'Status')]]/parent::th/following-sibling::td/descendant::select]]]>
    </line>
    <line>
      <![CDATA[Element element: //*[text()[contains(.,'Status')]]/parent::th/following-sibling::td/descendant::select loaded successfully]]>
    </line>
    <line>
      <![CDATA[DropDown Element: //*[text()[contains(.,'Status')]]/parent::th/following-sibling::td/descendant::select selected successfully]]>
    </line>
    <line>
      <![CDATA[Waiting for element[[ChromeDriver: chrome on XP (4921b41a0a850d3cd81b257318b28770)] -> xpath: //*[@value = 'Save']]]]>
    </line>
    <line>
      <![CDATA[Waiting for element[[ChromeDriver: chrome on XP (4921b41a0a850d3cd81b257318b28770)] -> xpath: //*[@value = 'Save']]]]>
    </line>
    <line>
      <![CDATA[Element element: //*[@value = 'Save'] loaded successfully]]>
    </line>
    <line>
      <![CDATA[Button element: //*[@value = 'Save'] clicked successfully]]>
    </line>
    <line>
      <![CDATA[Waiting for element[[ChromeDriver: chrome on XP (4921b41a0a850d3cd81b257318b28770)] -> xpath: //a[text()[contains(.,'Back to Interaction')]]]]]>
    </line>
    <line>
      <![CDATA[Waiting for element[[ChromeDriver: chrome on XP (4921b41a0a850d3cd81b257318b28770)] -> xpath: //a[text()[contains(.,'Back to Interaction')]]]]]>
    </line>
    <line>
      <![CDATA[Element element: //a[text()[contains(.,'Back to Interaction')]] loaded successfully]]>
    </line>
    <line>
      <![CDATA[Button element: //a[text()[contains(.,'Back to Interaction')]] clicked successfully]]>
    </line>
    <line>
      <![CDATA[Confirmed the location]]>
    </line>
    <line>
      <![CDATA[Waiting for element[[ChromeDriver: chrome on XP (4921b41a0a850d3cd81b257318b28770)] -> xpath: //input[@name='edit']]]]>
    </line>
    <line>
      <![CDATA[Waiting for element[[ChromeDriver: chrome on XP (4921b41a0a850d3cd81b257318b28770)] -> xpath: //input[@name='edit']]]]>
    </line>
    <line>
      <![CDATA[Element element: //input[@name='edit'] loaded successfully]]>
    </line>
    <line>
      <![CDATA[Button element: //input[@name='edit'] clicked successfully]]>
    </line>
    <line>
      <![CDATA[Waiting for element[[ChromeDriver: chrome on XP (4921b41a0a850d3cd81b257318b28770)] -> xpath: //*[text()[contains(.,'Status')]]/parent::th/following-sibling::td[1]/descendant::select]]]>
    </line>
    <line>
      <![CDATA[Waiting for element[[ChromeDriver: chrome on XP (4921b41a0a850d3cd81b257318b28770)] -> xpath: //*[text()[contains(.,'Status')]]/parent::th/following-sibling::td[1]/descendant::select]]]>
    </line>
    <line>
      <![CDATA[Element element: //*[text()[contains(.,'Status')]]/parent::th/following-sibling::td[1]/descendant::select loaded successfully]]>
    </line>
    <line>
      <![CDATA[DropDown Element: //*[text()[contains(.,'Status')]]/parent::th/following-sibling::td[1]/descendant::select selected successfully]]>
    </line>
    <line>
      <![CDATA[Waiting for element[[ChromeDriver: chrome on XP (4921b41a0a850d3cd81b257318b28770)] -> xpath: //*[text()[contains(.,'Status')]]/parent::th/following-sibling::td[1]/descendant::select]]]>
    </line>
    <line>
      <![CDATA[Waiting for element[[ChromeDriver: chrome on XP (4921b41a0a850d3cd81b257318b28770)] -> xpath: //*[text()[contains(.,'Status')]]/parent::th/following-sibling::td[1]/descendant::select]]]>
    </line>
    <line>
      <![CDATA[Element element: //*[text()[contains(.,'Status')]]/parent::th/following-sibling::td[1]/descendant::select loaded successfully]]>
    </line>
    <line>
      <![CDATA[DropDown Element: //*[text()[contains(.,'Status')]]/parent::th/following-sibling::td[1]/descendant::select selected successfully]]>
    </line>
    <line>
      <![CDATA[Waiting for element[[ChromeDriver: chrome on XP (4921b41a0a850d3cd81b257318b28770)] -> xpath: (.//input[@class='btn' and @value='Save'])[1]]]]>
    </line>
    <line>
      <![CDATA[Waiting for element[[ChromeDriver: chrome on XP (4921b41a0a850d3cd81b257318b28770)] -> xpath: (.//input[@class='btn' and @value='Save'])[1]]]]>
    </line>
    <line>
      <![CDATA[Element element: (.//input[@class='btn' and @value='Save'])[1] loaded successfully]]>
    </line>
    <line>
      <![CDATA[Button element: (.//input[@class='btn' and @value='Save'])[1] clicked successfully]]>
    </line>
    <line>
      <![CDATA[Waiting for element[[ChromeDriver: chrome on XP (4921b41a0a850d3cd81b257318b28770)] -> xpath: //input[@name='edit']]]]>
    </line>
    <line>
      <![CDATA[Waiting for element[[ChromeDriver: chrome on XP (4921b41a0a850d3cd81b257318b28770)] -> xpath: //input[@name='edit']]]]>
    </line>
    <line>
      <![CDATA[Element element: //input[@name='edit'] loaded successfully]]>
    </line>
    <line>
      <![CDATA[Button element: //input[@name='edit'] clicked successfully]]>
    </line>
    <line>
      <![CDATA[Waiting for element[[ChromeDriver: chrome on XP (4921b41a0a850d3cd81b257318b28770)] -> xpath: (.//input[@class='btn' and @value='Save'])[1]]]]>
    </line>
    <line>
      <![CDATA[Waiting for element[[ChromeDriver: chrome on XP (4921b41a0a850d3cd81b257318b28770)] -> xpath: (.//input[@class='btn' and @value='Save'])[1]]]]>
    </line>
    <line>
      <![CDATA[Element element: (.//input[@class='btn' and @value='Save'])[1] loaded successfully]]>
    </line>
    <line>
      <![CDATA[Waiting for element[[ChromeDriver: chrome on XP (4921b41a0a850d3cd81b257318b28770)] -> xpath: //*[text()[contains(.,'Status')]]/parent::th/following-sibling::td[1]/descendant::select]]]>
    </line>
    <line>
      <![CDATA[Waiting for element[[ChromeDriver: chrome on XP (4921b41a0a850d3cd81b257318b28770)] -> xpath: //*[text()[contains(.,'Status')]]/parent::th/following-sibling::td[1]/descendant::select]]]>
    </line>
    <line>
      <![CDATA[Element element: //*[text()[contains(.,'Status')]]/parent::th/following-sibling::td[1]/descendant::select loaded successfully]]>
    </line>
    <line>
      <![CDATA[DropDown Element: //*[text()[contains(.,'Status')]]/parent::th/following-sibling::td[1]/descendant::select selected successfully]]>
    </line>
    <line>
      <![CDATA[Waiting for element[[ChromeDriver: chrome on XP (4921b41a0a850d3cd81b257318b28770)] -> xpath: //*[text()[contains(.,'Status')]]/parent::th/following-sibling::td[1]/descendant::select]]]>
    </line>
    <line>
      <![CDATA[Waiting for element[[ChromeDriver: chrome on XP (4921b41a0a850d3cd81b257318b28770)] -> xpath: //*[text()[contains(.,'Status')]]/parent::th/following-sibling::td[1]/descendant::select]]]>
    </line>
    <line>
      <![CDATA[Element element: //*[text()[contains(.,'Status')]]/parent::th/following-sibling::td[1]/descendant::select loaded successfully]]>
    </line>
    <line>
      <![CDATA[DropDown Element: //*[text()[contains(.,'Status')]]/parent::th/following-sibling::td[1]/descendant::select selected successfully]]>
    </line>
    <line>
      <![CDATA[Waiting for element[[ChromeDriver: chrome on XP (4921b41a0a850d3cd81b257318b28770)] -> xpath: (.//input[@class='btn' and @value='Save'])[1]]]]>
    </line>
    <line>
      <![CDATA[Waiting for element[[ChromeDriver: chrome on XP (4921b41a0a850d3cd81b257318b28770)] -> xpath: (.//input[@class='btn' and @value='Save'])[1]]]]>
    </line>
    <line>
      <![CDATA[Element element: (.//input[@class='btn' and @value='Save'])[1] loaded successfully]]>
    </line>
    <line>
      <![CDATA[Button element: (.//input[@class='btn' and @value='Save'])[1] clicked successfully]]>
    </line>
    <line>
      <![CDATA[Waiting for element[[ChromeDriver: chrome on XP (4921b41a0a850d3cd81b257318b28770)] -> xpath: //a/span[text()='Locations']]]]>
    </line>
    <line>
      <![CDATA[Waiting for element[[ChromeDriver: chrome on XP (4921b41a0a850d3cd81b257318b28770)] -> xpath: //a/span[text()='Locations']]]]>
    </line>
    <line>
      <![CDATA[Element element: //a/span[text()='Locations'] loaded successfully]]>
    </line>
    <line>
      <![CDATA[Updated the interaction status to completed]]>
    </line>
    <line>
      <![CDATA[Waiting for element[[ChromeDriver: chrome on XP (4921b41a0a850d3cd81b257318b28770)] -> xpath: //span[@class = 'listTitle' and text()  = 'Expenses']]]]>
    </line>
    <line>
      <![CDATA[Waiting for element[[ChromeDriver: chrome on XP (4921b41a0a850d3cd81b257318b28770)] -> xpath: //span[@class = 'listTitle' and text()  = 'Expenses']]]]>
    </line>
    <line>
      <![CDATA[Element element: //span[@class = 'listTitle' and text()  = 'Expenses'] loaded successfully]]>
    </line>
    <line>
      <![CDATA[Button element: //span[@class = 'listTitle' and text()  = 'Expenses'] clicked successfully]]>
    </line>
    <line>
      <![CDATA[Waiting for element[[ChromeDriver: chrome on XP (4921b41a0a850d3cd81b257318b28770)] -> xpath: //input[@title='New Expense']]]]>
    </line>
    <line>
      <![CDATA[Waiting for element[[ChromeDriver: chrome on XP (4921b41a0a850d3cd81b257318b28770)] -> xpath: //input[@title='New Expense']]]]>
    </line>
    <line>
      <![CDATA[Element element: //input[@title='New Expense'] loaded successfully]]>
    </line>
    <line>
      <![CDATA[Button element: //input[@title='New Expense'] clicked successfully]]>
    </line>
    <line>
      <![CDATA[Waiting for element[[ChromeDriver: chrome on XP (4921b41a0a850d3cd81b257318b28770)] -> xpath: //label[contains(text(),'Record Type of new record')]/parent::td/following-sibling::td//select]]]>
    </line>
    <line>
      <![CDATA[Waiting for element[[ChromeDriver: chrome on XP (4921b41a0a850d3cd81b257318b28770)] -> xpath: //input[@title='Continue']]]]>
    </line>
    <line>
      <![CDATA[Waiting for element[[ChromeDriver: chrome on XP (4921b41a0a850d3cd81b257318b28770)] -> xpath: //input[@title='Continue']]]]>
    </line>
    <line>
      <![CDATA[Element element: //input[@title='Continue'] loaded successfully]]>
    </line>
    <line>
      <![CDATA[Button element: //input[@title='Continue'] clicked successfully]]>
    </line>
    <line>
      <![CDATA[Waiting for element[[ChromeDriver: chrome on XP (4921b41a0a850d3cd81b257318b28770)] -> xpath: //label[contains(text(),'Spend Type')]/parent::td/following-sibling::td//select]]]>
    </line>
    <line>
      <![CDATA[Waiting for element[[ChromeDriver: chrome on XP (4921b41a0a850d3cd81b257318b28770)] -> xpath: //label[contains(text(),'Spend Type')]/parent::td/following-sibling::td//select]]]>
    </line>
    <line>
      <![CDATA[Element element: //label[contains(text(),'Spend Type')]/parent::td/following-sibling::td//select loaded successfully]]>
    </line>
    <line>
      <![CDATA[DropDown Element: //label[contains(text(),'Spend Type')]/parent::td/following-sibling::td//select selected successfully]]>
    </line>
    <line>
      <![CDATA[Waiting for element[[ChromeDriver: chrome on XP (4921b41a0a850d3cd81b257318b28770)] -> xpath: //label[text()='Date of Expense']/parent::td/following-sibling::td[contains(@class,'col02')]//input]]]>
    </line>
    <line>
      <![CDATA[Waiting for element[[ChromeDriver: chrome on XP (4921b41a0a850d3cd81b257318b28770)] -> xpath: //label[text()='Date of Expense']/parent::td/following-sibling::td[contains(@class,'col02')]//input]]]>
    </line>
    <line>
      <![CDATA[Element element: //label[text()='Date of Expense']/parent::td/following-sibling::td[contains(@class,'col02')]//input loaded successfully]]>
    </line>
    <line>
      <![CDATA[TextField element: //label[text()='Date of Expense']/parent::td/following-sibling::td[contains(@class,'col02')]//input set text successfully]]>
    </line>
    <line>
      <![CDATA[Waiting for element[[ChromeDriver: chrome on XP (4921b41a0a850d3cd81b257318b28770)] -> xpath: //label[text()='Amount']/parent::td/following-sibling::td[contains(@class,'col02')]/div/input]]]>
    </line>
    <line>
      <![CDATA[Waiting for element[[ChromeDriver: chrome on XP (4921b41a0a850d3cd81b257318b28770)] -> xpath: //label[text()='Amount']/parent::td/following-sibling::td[contains(@class,'col02')]/div/input]]]>
    </line>
    <line>
      <![CDATA[Element element: //label[text()='Amount']/parent::td/following-sibling::td[contains(@class,'col02')]/div/input loaded successfully]]>
    </line>
    <line>
      <![CDATA[TextField element: //label[text()='Amount']/parent::td/following-sibling::td[contains(@class,'col02')]/div/input set text successfully]]>
    </line>
    <line>
      <![CDATA[Waiting for element[[ChromeDriver: chrome on XP (4921b41a0a850d3cd81b257318b28770)] -> xpath: //label[text()='Status']/parent::td/following-sibling::td//select]]]>
    </line>
    <line>
      <![CDATA[Waiting for element[[ChromeDriver: chrome on XP (4921b41a0a850d3cd81b257318b28770)] -> xpath: //label[text()='Status']/parent::td/following-sibling::td//select]]]>
    </line>
    <line>
      <![CDATA[Element element: //label[text()='Status']/parent::td/following-sibling::td//select loaded successfully]]>
    </line>
    <line>
      <![CDATA[Waiting for element[[ChromeDriver: chrome on XP (4921b41a0a850d3cd81b257318b28770)] -> xpath: //label[text()='Status']/parent::td/following-sibling::td//select]]]>
    </line>
    <line>
      <![CDATA[Element element: //label[text()='Status']/parent::td/following-sibling::td//select loaded successfully]]>
    </line>
    <line>
      <![CDATA[DropDown Element: //label[text()='Status']/parent::td/following-sibling::td//select selected successfully]]>
    </line>
    <line>
      <![CDATA[DropDown Element: //label[text()='Status']/parent::td/following-sibling::td//select selected successfully]]>
    </line>
    <line>
      <![CDATA[Waiting for element[[ChromeDriver: chrome on XP (4921b41a0a850d3cd81b257318b28770)] -> xpath: .//td[@id='topButtonRow']/input[@name='save']]]]>
    </line>
    <line>
      <![CDATA[Waiting for element[[ChromeDriver: chrome on XP (4921b41a0a850d3cd81b257318b28770)] -> xpath: .//td[@id='topButtonRow']/input[@name='save']]]]>
    </line>
    <line>
      <![CDATA[Element element: .//td[@id='topButtonRow']/input[@name='save'] loaded successfully]]>
    </line>
    <line>
      <![CDATA[Button element: .//td[@id='topButtonRow']/input[@name='save'] clicked successfully]]>
    </line>
    <line>
      <![CDATA[Waiting for element[[ChromeDriver: chrome on XP (4921b41a0a850d3cd81b257318b28770)] -> xpath: //*[text()[contains(.,'Interaction')]]/following-sibling::td/div/a]]]>
    </line>
    <line>
      <![CDATA[Waiting for element[[ChromeDriver: chrome on XP (4921b41a0a850d3cd81b257318b28770)] -> xpath: //*[text()[contains(.,'Interaction')]]/following-sibling::td/div/a]]]>
    </line>
    <line>
      <![CDATA[Element element: //*[text()[contains(.,'Interaction')]]/following-sibling::td/div/a loaded successfully]]>
    </line>
    <line>
      <![CDATA[Button element: //*[text()[contains(.,'Interaction')]]/following-sibling::td/div/a clicked successfully]]>
    </line>
    <line>
      <![CDATA[Waiting for element[[ChromeDriver: chrome on XP (4921b41a0a850d3cd81b257318b28770)] -> xpath: //span[@class = 'listTitle' and text()  = 'Expenses']]]]>
    </line>
    <line>
      <![CDATA[Waiting for element[[ChromeDriver: chrome on XP (4921b41a0a850d3cd81b257318b28770)] -> xpath: //span[@class = 'listTitle' and text()  = 'Expenses']]]]>
    </line>
    <line>
      <![CDATA[Element element: //span[@class = 'listTitle' and text()  = 'Expenses'] loaded successfully]]>
    </line>
    <line>
      <![CDATA[Waiting for element[[ChromeDriver: chrome on XP (4921b41a0a850d3cd81b257318b28770)] -> xpath: //span[@class = 'listTitle' and text()  = 'Expenses']]]]>
    </line>
    <line>
      <![CDATA[Waiting for element[[ChromeDriver: chrome on XP (4921b41a0a850d3cd81b257318b28770)] -> xpath: //span[@class = 'listTitle' and text()  = 'Expenses']]]]>
    </line>
    <line>
      <![CDATA[Element element: //span[@class = 'listTitle' and text()  = 'Expenses'] loaded successfully]]>
    </line>
    <line>
      <![CDATA[Button element: //span[@class = 'listTitle' and text()  = 'Expenses'] clicked successfully]]>
    </line>
    <line>
      <![CDATA[Waiting for element[[ChromeDriver: chrome on XP (4921b41a0a850d3cd81b257318b28770)] -> xpath: //input[@title='New Expense']]]]>
    </line>
    <line>
      <![CDATA[Waiting for element[[ChromeDriver: chrome on XP (4921b41a0a850d3cd81b257318b28770)] -> xpath: //input[@title='New Expense']]]]>
    </line>
    <line>
      <![CDATA[Element element: //input[@title='New Expense'] loaded successfully]]>
    </line>
    <line>
      <![CDATA[Button element: //input[@title='New Expense'] clicked successfully]]>
    </line>
    <line>
      <![CDATA[Waiting for element[[ChromeDriver: chrome on XP (4921b41a0a850d3cd81b257318b28770)] -> xpath: //label[contains(text(),'Record Type of new record')]/parent::td/following-sibling::td//select]]]>
    </line>
    <line>
      <![CDATA[Waiting for element[[ChromeDriver: chrome on XP (4921b41a0a850d3cd81b257318b28770)] -> xpath: //input[@title='Continue']]]]>
    </line>
    <line>
      <![CDATA[Waiting for element[[ChromeDriver: chrome on XP (4921b41a0a850d3cd81b257318b28770)] -> xpath: //input[@title='Continue']]]]>
    </line>
    <line>
      <![CDATA[Element element: //input[@title='Continue'] loaded successfully]]>
    </line>
    <line>
      <![CDATA[Button element: //input[@title='Continue'] clicked successfully]]>
    </line>
    <line>
      <![CDATA[Waiting for element[[ChromeDriver: chrome on XP (4921b41a0a850d3cd81b257318b28770)] -> xpath: //label[contains(text(),'Spend Type')]/parent::td/following-sibling::td//select]]]>
    </line>
    <line>
      <![CDATA[Waiting for element[[ChromeDriver: chrome on XP (4921b41a0a850d3cd81b257318b28770)] -> xpath: //label[contains(text(),'Spend Type')]/parent::td/following-sibling::td//select]]]>
    </line>
    <line>
      <![CDATA[Element element: //label[contains(text(),'Spend Type')]/parent::td/following-sibling::td//select loaded successfully]]>
    </line>
    <line>
      <![CDATA[DropDown Element: //label[contains(text(),'Spend Type')]/parent::td/following-sibling::td//select selected successfully]]>
    </line>
    <line>
      <![CDATA[Waiting for element[[ChromeDriver: chrome on XP (4921b41a0a850d3cd81b257318b28770)] -> xpath: //label[text()='Date of Expense']/parent::td/following-sibling::td[contains(@class,'col02')]//input]]]>
    </line>
    <line>
      <![CDATA[Waiting for element[[ChromeDriver: chrome on XP (4921b41a0a850d3cd81b257318b28770)] -> xpath: //label[text()='Date of Expense']/parent::td/following-sibling::td[contains(@class,'col02')]//input]]]>
[...]
            </line>
            <line>
              <![CDATA[Button element: //a[contains(text(),'Disclosure Agreement')] clicked successfully]]>
            </line>
            <line>
              <![CDATA[Waiting for element[[ChromeDriver: chrome on XP (4921b41a0a850d3cd81b257318b28770)] -> xpath: //input[@type = 'submit' and @value = 'Accept']]]]>
            </line>
            <line>
              <![CDATA[Waiting for element[[ChromeDriver: chrome on XP (4921b41a0a850d3cd81b257318b28770)] -> xpath: //input[@type = 'submit' and @value = 'Accept']]]]>
            </line>
            <line>
              <![CDATA[Element element: //input[@type = 'submit' and @value = 'Accept'] loaded successfully]]>
            </line>
            <line>
              <![CDATA[Button element: //input[@type = 'submit' and @value = 'Accept'] clicked successfully]]>
            </line>
            <line>
              <![CDATA[Waiting for element[[ChromeDriver: chrome on XP (4921b41a0a850d3cd81b257318b28770)] -> xpath: //label[contains(text(),'Have all participants been reconciled?')]/parent::th/following-sibling::td[1]//input]]]>
            </line>
            <line>
              <![CDATA[Waiting for element[[ChromeDriver: chrome on XP (4921b41a0a850d3cd81b257318b28770)] -> xpath: //label[contains(text(),'Have all participants been reconciled?')]/parent::th/following-sibling::td[1]//input]]]>
            </line>
            <line>
              <![CDATA[Element element: //label[contains(text(),'Have all participants been reconciled?')]/parent::th/following-sibling::td[1]//input loaded successfully]]>
            </line>
            <line>
              <![CDATA[Checkbox element: //label[contains(text(),'Have all participants been reconciled?')]/parent::th/following-sibling::td[1]//input checked successfully]]>
            </line>
            <line>
              <![CDATA[Waiting for element[[ChromeDriver: chrome on XP (4921b41a0a850d3cd81b257318b28770)] -> xpath: //label[contains(text(),'Have all participants been reconciled?')]/parent::th/following-sibling::td[2]//input]]]>
            </line>
            <line>
              <![CDATA[Waiting for element[[ChromeDriver: chrome on XP (4921b41a0a850d3cd81b257318b28770)] -> xpath: //label[contains(text(),'Have all participants been reconciled?')]/parent::th/following-sibling::td[2]//input]]]>
            </line>
            <line>
              <![CDATA[Element element: //label[contains(text(),'Have all participants been reconciled?')]/parent::th/following-sibling::td[2]//input loaded successfully]]>
            </line>
            <line>
              <![CDATA[Checkbox element: //label[contains(text(),'Have all participants been reconciled?')]/parent::th/following-sibling::td[2]//input checked successfully]]>
            </line>
            <line>
              <![CDATA[Waiting for element[[ChromeDriver: chrome on XP (4921b41a0a850d3cd81b257318b28770)] -> xpath: //label[contains(text(),'Have all the expenses been reconciled and the appropriate documentation attached?')]/parent::th/following-sibling::td[1]//input]]]>
            </line>
            <line>
              <![CDATA[Waiting for element[[ChromeDriver: chrome on XP (4921b41a0a850d3cd81b257318b28770)] -> xpath: //label[contains(text(),'Have all the expenses been reconciled and the appropriate documentation attached?')]/parent::th/following-sibling::td[1]//input]]]>
            </line>
            <line>
              <![CDATA[Element element: //label[contains(text(),'Have all the expenses been reconciled and the appropriate documentation attached?')]/parent::th/following-sibling::td[1]//input loaded successfully]]>
            </line>
            <line>
              <![CDATA[Checkbox element: //label[contains(text(),'Have all the expenses been reconciled and the appropriate documentation attached?')]/parent::th/following-sibling::td[1]//input checked successfully]]>
            </line>
            <line>
              <![CDATA[Waiting for element[[ChromeDriver: chrome on XP (4921b41a0a850d3cd81b257318b28770)] -> xpath: //label[contains(text(),'Have all the expenses been reconciled and the appropriate documentation attached?')]/parent::th/following-sibling::td[2]//input]]]>
            </line>
            <line>
              <![CDATA[Waiting for element[[ChromeDriver: chrome on XP (4921b41a0a850d3cd81b257318b28770)] -> xpath: //label[contains(text(),'Have all the expenses been reconciled and the appropriate documentation attached?')]/parent::th/following-sibling::td[2]//input]]]>
            </line>
            <line>
              <![CDATA[Element element: //label[contains(text(),'Have all the expenses been reconciled and the appropriate documentation attached?')]/parent::th/following-sibling::td[2]//input loaded successfully]]>
            </line>
            <line>
              <![CDATA[Checkbox element: //label[contains(text(),'Have all the expenses been reconciled and the appropriate documentation attached?')]/parent::th/following-sibling::td[2]//input checked successfully]]>
            </line>
            <line>
              <![CDATA[Waiting for element[[ChromeDriver: chrome on XP (4921b41a0a850d3cd81b257318b28770)] -> xpath: //input[@value = 'Closeout']]]]>
            </line>
            <line>
              <![CDATA[Waiting for element[[ChromeDriver: chrome on XP (4921b41a0a850d3cd81b257318b28770)] -> xpath: //input[@value = 'Closeout']]]]>
            </line>
            <line>
              <![CDATA[Element element: //input[@value = 'Closeout'] loaded successfully]]>
            </line>
            <line>
              <![CDATA[Button element: //input[@value = 'Closeout'] clicked successfully]]>
            </line>
            <line>
              <![CDATA[Added disclosure agreement successfully]]>
            </line>
            <line>
              <![CDATA[Ending Employee Education Scenario]]>
            </line>
          </reporter-output>
        </test-method> <!-- employeeEducationProgram -->
        <test-method status="PASS" signature="closeMethodsOpenedBrowserIfAny()[pri:0, instance:com.epam.scenarios.EmployeeEducationScenario@15a902e7]" name="closeMethodsOpenedBrowserIfAny" is-config="true" duration-ms="4094" started-at="2016-11-18T13:12:18Z" finished-at="2016-11-18T13:12:22Z">
          <reporter-output>
            <line>
              <![CDATA[================================   TEST METHOD ENDS   =========================================]]>
            </line>
          </reporter-output>
        </test-method> <!-- closeMethodsOpenedBrowserIfAny -->
      </class> <!-- com.epam.scenarios.EmployeeEducationScenario -->
      <class name="com.epam.scenarios.NegativeScenario">
        <test-method status="PASS" signature="init()[pri:0, instance:com.epam.scenarios.NegativeScenario@4985cbcb]" name="init" is-config="true" duration-ms="210" started-at="2016-11-18T13:12:23Z" finished-at="2016-11-18T13:12:23Z">
          <reporter-output>
            <line>
              <![CDATA[================================ TEST STARTS NOW  =========================================]]>
            </line>
          </reporter-output>
        </test-method> <!-- init -->
        <test-method status="PASS" signature="employeeEducationMandatoryFields()[pri:0, instance:com.epam.scenarios.NegativeScenario@4985cbcb]" name="employeeEducationMandatoryFields" duration-ms="68501" started-at="2016-11-18T13:12:23Z" finished-at="2016-11-18T13:13:32Z">
          <reporter-output>
            <line>
              <![CDATA[Starting EmployeeEducationMandatoryFields Scenarios]]>
            </line>
            <line>
              <![CDATA[================================  TEST METHOD STARTS  =========================================]]>
            </line>
            <line>
              <![CDATA[Waiting for element[[ChromeDriver: chrome on XP (c71136e17c8852f22757ccec544d060c)] -> xpath: .//*[@id='username']]]]>
            </line>
            <line>
              <![CDATA[Waiting for element[[ChromeDriver: chrome on XP (c71136e17c8852f22757ccec544d060c)] -> xpath: .//*[@id='username']]]]>
            </line>
            <line>
              <![CDATA[Element element: .//*[@id='username'] loaded successfully]]>
            </line>
            <line>
              <![CDATA[TextField element: .//*[@id='username'] set text successfully]]>
            </line>
            <line>
              <![CDATA[Waiting for element[[ChromeDriver: chrome on XP (c71136e17c8852f22757ccec544d060c)] -> xpath: .//*[@id='password']]]]>
            </line>
            <line>
              <![CDATA[Waiting for element[[ChromeDriver: chrome on XP (c71136e17c8852f22757ccec544d060c)] -> xpath: .//*[@id='password']]]]>
            </line>
            <line>
              <![CDATA[Element element: .//*[@id='password'] loaded successfully]]>
            </line>
            <line>
              <![CDATA[TextField element: .//*[@id='password'] set text successfully]]>
            </line>
            <line>
              <![CDATA[Waiting for element[[ChromeDriver: chrome on XP (c71136e17c8852f22757ccec544d060c)] -> xpath: .//*[@id='Login']]]]>
            </line>
            <line>
              <![CDATA[Waiting for element[[ChromeDriver: chrome on XP (c71136e17c8852f22757ccec544d060c)] -> xpath: .//*[@id='Login']]]]>
            </line>
            <line>
              <![CDATA[Element element: .//*[@id='Login'] loaded successfully]]>
            </line>
            <line>
              <![CDATA[Button element: .//*[@id='Login'] clicked successfully]]>
            </line>
            <line>
              <![CDATA[Login successfully]]>
            </line>
            <line>
              <![CDATA[Waiting for element[[ChromeDriver: chrome on XP (c71136e17c8852f22757ccec544d060c)] -> xpath: .//a[contains(text(),'Interactions')]]]]>
            </line>
            <line>
              <![CDATA[Waiting for element[[ChromeDriver: chrome on XP (c71136e17c8852f22757ccec544d060c)] -> xpath: .//a[contains(text(),'Interactions')]]]]>
            </line>
            <line>
              <![CDATA[Element element: .//a[contains(text(),'Interactions')] loaded successfully]]>
            </line>
            <line>
              <![CDATA[HyperLink element: .//a[contains(text(),'Interactions')] clicked successfully]]>
            </line>
            <line>
              <![CDATA[Waiting for element[[ChromeDriver: chrome on XP (c71136e17c8852f22757ccec544d060c)] -> css selector: input.btn[name='new']]]]>
            </line>
            <line>
              <![CDATA[Waiting for element[[ChromeDriver: chrome on XP (c71136e17c8852f22757ccec544d060c)] -> css selector: input.btn[name='new']]]]>
            </line>
            <line>
              <![CDATA[Waiting for element[[ChromeDriver: chrome on XP (c71136e17c8852f22757ccec544d060c)] -> xpath: //*[text()[contains(.,'Interaction Category')]]/parent::th/following-sibling::td[1]/descendant::select]]]>
            </line>
            <line>
              <![CDATA[Waiting for element[[ChromeDriver: chrome on XP (c71136e17c8852f22757ccec544d060c)] -> xpath: //*[text()[contains(.,'Interaction Category')]]/parent::th/following-sibling::td[1]/descendant::select]]]>
            </line>
            <line>
              <![CDATA[Waiting for element[[ChromeDriver: chrome on XP (c71136e17c8852f22757ccec544d060c)] -> xpath: //*[text()[contains(.,'Interaction Category')]]/parent::th/following-sibling::td[1]/descendant::select]]]>
            </line>
            <line>
              <![CDATA[Waiting for element[[ChromeDriver: chrome on XP (c71136e17c8852f22757ccec544d060c)] -> xpath: //*[text()[contains(.,'Interaction Category')]]/parent::th/following-sibling::td[1]/descendant::select]]]>
            </line>
            <line>
              <![CDATA[Element element: //*[text()[contains(.,'Interaction Category')]]/parent::th/following-sibling::td[1]/descendant::select loaded successfully]]>
            </line>
            <line>
              <![CDATA[DropDown Element: //*[text()[contains(.,'Interaction Category')]]/parent::th/following-sibling::td[1]/descendant::select selected successfully]]>
            </line>
            <line>
              <![CDATA[Waiting for element[[ChromeDriver: chrome on XP (c71136e17c8852f22757ccec544d060c)] -> xpath: //*[text()[contains(.,'Interaction Type')]]/parent::th/following-sibling::td[1]/descendant::select]]]>
            </line>
            <line>
              <![CDATA[Waiting for element[[ChromeDriver: chrome on XP (c71136e17c8852f22757ccec544d060c)] -> xpath: //*[text()[contains(.,'Interaction Type')]]/parent::th/following-sibling::td[1]/descendant::select]]]>
            </line>
            <line>
              <![CDATA[Element element: //*[text()[contains(.,'Interaction Type')]]/parent::th/following-sibling::td[1]/descendant::select loaded successfully]]>
            </line>
            <line>
              <![CDATA[DropDown Element: //*[text()[contains(.,'Interaction Type')]]/parent::th/following-sibling::td[1]/descendant::select selected successfully]]>
            </line>
            <line>
              <![CDATA[Waiting for element[[ChromeDriver: chrome on XP (c71136e17c8852f22757ccec544d060c)] -> xpath: //*[text()[contains(.,'Interaction Type')]]/parent::th/following-sibling::td[1]/descendant::select]]]>
            </line>
            <line>
              <![CDATA[Waiting for element[[ChromeDriver: chrome on XP (c71136e17c8852f22757ccec544d060c)] -> xpath: //*[text()[contains(.,'Interaction Type')]]/parent::th/following-sibling::td[1]/descendant::select]]]>
            </line>
            <line>
              <![CDATA[Element element: //*[text()[contains(.,'Interaction Type')]]/parent::th/following-sibling::td[1]/descendant::select loaded successfully]]>
            </line>
            <line>
              <![CDATA[DropDown Element: //*[text()[contains(.,'Interaction Type')]]/parent::th/following-sibling::td[1]/descendant::select selected successfully]]>
            </line>
            <line>
              <![CDATA[Waiting for element[[ChromeDriver: chrome on XP (c71136e17c8852f22757ccec544d060c)] -> xpath: //*[text()[contains(.,'LocationType')]]/parent::th/following-sibling::td[1]/descendant::select]]]>
            </line>
            <line>
              <![CDATA[Waiting for element[[ChromeDriver: chrome on XP (c71136e17c8852f22757ccec544d060c)] -> xpath: //*[text()[contains(.,'LocationType')]]/parent::th/following-sibling::td[1]/descendant::select]]]>
            </line>
            <line>
              <![CDATA[Element element: //*[text()[contains(.,'LocationType')]]/parent::th/following-sibling::td[1]/descendant::select loaded successfully]]>
            </line>
            <line>
              <![CDATA[Waiting for element[[ChromeDriver: chrome on XP (c71136e17c8852f22757ccec544d060c)] -> xpath: //*[text()[contains(.,'LocationType')]]/parent::th/following-sibling::td[1]/descendant::select]]]>
            </line>
            <line>
              <![CDATA[Element element: //*[text()[contains(.,'LocationType')]]/parent::th/following-sibling::td[1]/descendant::select loaded successfully]]>
            </line>
            <line>
              <![CDATA[DropDown Element: //*[text()[contains(.,'LocationType')]]/parent::th/following-sibling::td[1]/descendant::select selected successfully]]>
            </line>
            <line>
              <![CDATA[DropDown Element: //*[text()[contains(.,'LocationType')]]/parent::th/following-sibling::td[1]/descendant::select selected successfully]]>
            </line>
            <line>
              <![CDATA[Waiting for element[[ChromeDriver: chrome on XP (c71136e17c8852f22757ccec544d060c)] -> xpath: //*[text()[contains(.,'Start Time')]]//parent::th//following-sibling::td//select]]]>
            </line>
            <line>
              <![CDATA[Waiting for element[[ChromeDriver: chrome on XP (c71136e17c8852f22757ccec544d060c)] -> xpath: //*[text()[contains(.,'Start Time')]]//parent::th//following-sibling::td//select]]]>
            </line>
            <line>
              <![CDATA[Element element: //*[text()[contains(.,'Start Time')]]//parent::th//following-sibling::td//select loaded successfully]]>
            </line>
            <line>
              <![CDATA[TextField element: //*[text()[contains(.,'Start Time')]]//parent::th//following-sibling::td//select set text successfully]]>
            </line>
            <line>
              <![CDATA[Waiting for element[[ChromeDriver: chrome on XP (c71136e17c8852f22757ccec544d060c)] -> xpath: (//*[text()[contains(.,'End Date')]]//parent::th/following-sibling::td//input)[1]]]]>
            </line>
            <line>
              <![CDATA[Waiting for element[[ChromeDriver: chrome on XP (c71136e17c8852f22757ccec544d060c)] -> xpath: (//*[text()[contains(.,'End Date')]]//parent::th/following-sibling::td//input)[1]]]]>
            </line>
            <line>
              <![CDATA[Element element: (//*[text()[contains(.,'End Date')]]//parent::th/following-sibling::td//input)[1] loaded successfully]]>
            </line>
            <line>
              <![CDATA[TextField element: (//*[text()[contains(.,'End Date')]]//parent::th/following-sibling::td//input)[1] set text successfully]]>
            </line>
            <line>
              <![CDATA[Waiting for element[[ChromeDriver: chrome on XP (c71136e17c8852f22757ccec544d060c)] -> xpath: (.//input[@class='btn' and @value='Save'])[1]]]]>
            </line>
            <line>
              <![CDATA[Waiting for element[[ChromeDriver: chrome on XP (c71136e17c8852f22757ccec544d060c)] -> xpath: (.//input[@class='btn' and @value='Save'])[1]]]]>
            </line>
            <line>
              <![CDATA[Element element: (.//input[@class='btn' and @value='Save'])[1] loaded successfully]]>
            </line>
            <line>
              <![CDATA[Button element: (.//input[@class='btn' and @value='Save'])[1] clicked successfully]]>
            </line>
            <line>
              <![CDATA[Waiting for element[[ChromeDriver: chrome on XP (c71136e17c8852f22757ccec544d060c)] -> xpath: //h4[text()='Error:']/../..]]]>
            </line>
            <line>
              <![CDATA[Waiting for element[[ChromeDriver: chrome on XP (c71136e17c8852f22757ccec544d060c)] -> xpath: //h4[text()='Error:']/../..]]]>
            </line>
            <line>
              <![CDATA[Element element: //h4[text()='Error:']/../.. loaded successfully]]>
            </line>
            <line>
              <![CDATA[TextField element: //h4[text()='Error:']/../.. set text successfully]]>
            </line>
            <line>
              <![CDATA[Waiting for element[[ChromeDriver: chrome on XP (c71136e17c8852f22757ccec544d060c)] -> xpath: //h4[text()='Error:']/../..]]]>
            </line>
            <line>
              <![CDATA[createInteractionWithMissingDataAndVerifyErrMessage!!!!]]>
            </line>
            <line>
              <![CDATA[Ending  EmployeeEducationMandatoryFields Scenario]]>
            </line>
          </reporter-output>
        </test-method> <!-- employeeEducationMandatoryFields -->
        <test-method status="PASS" signature="closeMethodsOpenedBrowserIfAny()[pri:0, instance:com.epam.scenarios.NegativeScenario@4985cbcb]" name="closeMethodsOpenedBrowserIfAny" is-config="true" duration-ms="3697" started-at="2016-11-18T13:13:32Z" finished-at="2016-11-18T13:13:36Z">
          <reporter-output>
            <line>
              <![CDATA[================================   TEST METHOD ENDS   =========================================]]>
            </line>
          </reporter-output>
        </test-method> <!-- closeMethodsOpenedBrowserIfAny -->
      </class> <!-- com.epam.scenarios.NegativeScenario -->
    </test> <!-- Command line test -->
  </suite> <!-- Command line suite -->
</testng-results>
